{"/app/src/services/storeService.ts":{"path":"/app/src/services/storeService.ts","statementMap":{"0":{"start":{"line":3,"column":0},"end":{"line":5,"column":3}},"1":{"start":{"line":6,"column":0},"end":{"line":6,"column":50}},"2":{"start":{"line":7,"column":16},"end":{"line":7,"column":41}},"3":{"start":{"line":8,"column":18},"end":{"line":8,"column":207}},"4":{"start":{"line":8,"column":25},"end":{"line":8,"column":207}},"5":{"start":{"line":9,"column":0},"end":{"line":9,"column":30}},"6":{"start":{"line":11,"column":21},"end":{"line":612,"column":1}},"7":{"start":{"line":13,"column":4},"end":{"line":323,"column":5}},"8":{"start":{"line":14,"column":26},"end":{"line":14,"column":66}},"9":{"start":{"line":14,"column":34},"end":{"line":14,"column":66}},"10":{"start":{"line":17,"column":28},"end":{"line":21,"column":8}},"11":{"start":{"line":22,"column":27},"end":{"line":26,"column":8}},"12":{"start":{"line":27,"column":33},"end":{"line":31,"column":8}},"13":{"start":{"line":32,"column":31},"end":{"line":36,"column":8}},"14":{"start":{"line":37,"column":30},"end":{"line":39,"column":8}},"15":{"start":{"line":40,"column":31},"end":{"line":44,"column":8}},"16":{"start":{"line":45,"column":27},"end":{"line":49,"column":8}},"17":{"start":{"line":50,"column":30},"end":{"line":54,"column":8}},"18":{"start":{"line":55,"column":32},"end":{"line":59,"column":8}},"19":{"start":{"line":60,"column":29},"end":{"line":64,"column":8}},"20":{"start":{"line":65,"column":31},"end":{"line":67,"column":8}},"21":{"start":{"line":68,"column":30},"end":{"line":72,"column":8}},"22":{"start":{"line":73,"column":28},"end":{"line":77,"column":8}},"23":{"start":{"line":78,"column":33},"end":{"line":82,"column":8}},"24":{"start":{"line":83,"column":35},"end":{"line":87,"column":8}},"25":{"start":{"line":90,"column":29},"end":{"line":90,"column":67}},"26":{"start":{"line":91,"column":24},"end":{"line":91,"column":61}},"27":{"start":{"line":92,"column":23},"end":{"line":92,"column":60}},"28":{"start":{"line":93,"column":28},"end":{"line":93,"column":79}},"29":{"start":{"line":94,"column":27},"end":{"line":94,"column":68}},"30":{"start":{"line":97,"column":30},"end":{"line":99,"column":8}},"31":{"start":{"line":100,"column":228},"end":{"line":100,"column":524}},"32":{"start":{"line":101,"column":23},"end":{"line":104,"column":7}},"33":{"start":{"line":105,"column":27},"end":{"line":105,"column":132}},"34":{"start":{"line":106,"column":28},"end":{"line":109,"column":47}},"35":{"start":{"line":110,"column":31},"end":{"line":110,"column":122}},"36":{"start":{"line":111,"column":27},"end":{"line":111,"column":109}},"37":{"start":{"line":114,"column":29},"end":{"line":114,"column":31}},"38":{"start":{"line":115,"column":6},"end":{"line":117,"column":7}},"39":{"start":{"line":116,"column":8},"end":{"line":116,"column":35}},"40":{"start":{"line":118,"column":28},"end":{"line":118,"column":52}},"41":{"start":{"line":119,"column":32},"end":{"line":119,"column":60}},"42":{"start":{"line":120,"column":27},"end":{"line":120,"column":112}},"43":{"start":{"line":121,"column":31},"end":{"line":121,"column":110}},"44":{"start":{"line":123,"column":35},"end":{"line":123,"column":37}},"45":{"start":{"line":124,"column":6},"end":{"line":127,"column":7}},"46":{"start":{"line":126,"column":8},"end":{"line":126,"column":225}},"47":{"start":{"line":128,"column":27},"end":{"line":128,"column":112}},"48":{"start":{"line":130,"column":36},"end":{"line":130,"column":38}},"49":{"start":{"line":131,"column":6},"end":{"line":134,"column":7}},"50":{"start":{"line":133,"column":8},"end":{"line":133,"column":227}},"51":{"start":{"line":135,"column":21},"end":{"line":135,"column":23}},"52":{"start":{"line":136,"column":6},"end":{"line":173,"column":7}},"53":{"start":{"line":137,"column":8},"end":{"line":172,"column":11}},"54":{"start":{"line":138,"column":31},"end":{"line":138,"column":63}},"55":{"start":{"line":139,"column":32},"end":{"line":139,"column":65}},"56":{"start":{"line":140,"column":10},"end":{"line":171,"column":12}},"57":{"start":{"line":156,"column":47},"end":{"line":161,"column":13}},"58":{"start":{"line":162,"column":50},"end":{"line":169,"column":13}},"59":{"start":{"line":174,"column":6},"end":{"line":183,"column":7}},"60":{"start":{"line":175,"column":8},"end":{"line":182,"column":12}},"61":{"start":{"line":175,"column":129},"end":{"line":182,"column":9}},"62":{"start":{"line":184,"column":6},"end":{"line":195,"column":7}},"63":{"start":{"line":185,"column":8},"end":{"line":194,"column":12}},"64":{"start":{"line":185,"column":119},"end":{"line":194,"column":9}},"65":{"start":{"line":196,"column":6},"end":{"line":213,"column":7}},"66":{"start":{"line":197,"column":8},"end":{"line":212,"column":12}},"67":{"start":{"line":197,"column":109},"end":{"line":212,"column":9}},"68":{"start":{"line":214,"column":6},"end":{"line":223,"column":7}},"69":{"start":{"line":215,"column":8},"end":{"line":222,"column":12}},"70":{"start":{"line":215,"column":129},"end":{"line":222,"column":9}},"71":{"start":{"line":224,"column":6},"end":{"line":251,"column":7}},"72":{"start":{"line":225,"column":26},"end":{"line":225,"column":102}},"73":{"start":{"line":228,"column":34},"end":{"line":228,"column":36}},"74":{"start":{"line":229,"column":34},"end":{"line":229,"column":131}},"75":{"start":{"line":230,"column":8},"end":{"line":239,"column":9}},"76":{"start":{"line":232,"column":10},"end":{"line":238,"column":13}},"77":{"start":{"line":240,"column":8},"end":{"line":250,"column":12}},"78":{"start":{"line":240,"column":44},"end":{"line":250,"column":9}},"79":{"start":{"line":252,"column":6},"end":{"line":258,"column":7}},"80":{"start":{"line":253,"column":8},"end":{"line":257,"column":12}},"81":{"start":{"line":253,"column":109},"end":{"line":257,"column":9}},"82":{"start":{"line":259,"column":6},"end":{"line":272,"column":7}},"83":{"start":{"line":260,"column":8},"end":{"line":265,"column":12}},"84":{"start":{"line":260,"column":56},"end":{"line":265,"column":9}},"85":{"start":{"line":266,"column":8},"end":{"line":271,"column":10}},"86":{"start":{"line":273,"column":6},"end":{"line":296,"column":7}},"87":{"start":{"line":275,"column":8},"end":{"line":275,"column":32}},"88":{"start":{"line":276,"column":8},"end":{"line":276,"column":34}},"89":{"start":{"line":277,"column":8},"end":{"line":295,"column":9}},"90":{"start":{"line":278,"column":10},"end":{"line":294,"column":11}},"91":{"start":{"line":279,"column":12},"end":{"line":285,"column":15}},"92":{"start":{"line":286,"column":17},"end":{"line":294,"column":11}},"93":{"start":{"line":287,"column":12},"end":{"line":293,"column":15}},"94":{"start":{"line":297,"column":6},"end":{"line":299,"column":7}},"95":{"start":{"line":298,"column":8},"end":{"line":298,"column":52}},"96":{"start":{"line":300,"column":6},"end":{"line":308,"column":7}},"97":{"start":{"line":301,"column":8},"end":{"line":307,"column":12}},"98":{"start":{"line":301,"column":135},"end":{"line":307,"column":9}},"99":{"start":{"line":309,"column":6},"end":{"line":318,"column":7}},"100":{"start":{"line":310,"column":8},"end":{"line":317,"column":12}},"101":{"start":{"line":310,"column":133},"end":{"line":317,"column":9}},"102":{"start":{"line":319,"column":6},"end":{"line":319,"column":20}},"103":{"start":{"line":321,"column":6},"end":{"line":321,"column":60}},"104":{"start":{"line":322,"column":6},"end":{"line":322,"column":57}},"105":{"start":{"line":326,"column":4},"end":{"line":604,"column":5}},"106":{"start":{"line":328,"column":25},"end":{"line":328,"column":34}},"107":{"start":{"line":331,"column":24},"end":{"line":412,"column":7}},"108":{"start":{"line":332,"column":8},"end":{"line":332,"column":35}},"109":{"start":{"line":332,"column":28},"end":{"line":332,"column":35}},"110":{"start":{"line":333,"column":30},"end":{"line":333,"column":32}},"111":{"start":{"line":334,"column":8},"end":{"line":349,"column":9}},"112":{"start":{"line":335,"column":10},"end":{"line":335,"column":54}},"113":{"start":{"line":337,"column":23},"end":{"line":337,"column":38}},"114":{"start":{"line":338,"column":10},"end":{"line":340,"column":11}},"115":{"start":{"line":339,"column":12},"end":{"line":339,"column":58}},"116":{"start":{"line":339,"column":45},"end":{"line":339,"column":56}},"117":{"start":{"line":341,"column":10},"end":{"line":343,"column":11}},"118":{"start":{"line":342,"column":12},"end":{"line":342,"column":30}},"119":{"start":{"line":346,"column":14},"end":{"line":346,"column":80}},"120":{"start":{"line":347,"column":10},"end":{"line":347,"column":39}},"121":{"start":{"line":348,"column":10},"end":{"line":348,"column":53}},"122":{"start":{"line":352,"column":23},"end":{"line":352,"column":38}},"123":{"start":{"line":353,"column":28},"end":{"line":353,"column":37}},"124":{"start":{"line":354,"column":27},"end":{"line":354,"column":60}},"125":{"start":{"line":355,"column":8},"end":{"line":374,"column":9}},"126":{"start":{"line":356,"column":10},"end":{"line":356,"column":24}},"127":{"start":{"line":357,"column":10},"end":{"line":369,"column":11}},"128":{"start":{"line":358,"column":24},"end":{"line":358,"column":28}},"129":{"start":{"line":359,"column":12},"end":{"line":364,"column":13}},"130":{"start":{"line":360,"column":14},"end":{"line":363,"column":15}},"131":{"start":{"line":361,"column":16},"end":{"line":361,"column":30}},"132":{"start":{"line":362,"column":16},"end":{"line":362,"column":22}},"133":{"start":{"line":365,"column":12},"end":{"line":368,"column":13}},"134":{"start":{"line":366,"column":14},"end":{"line":366,"column":34}},"135":{"start":{"line":367,"column":14},"end":{"line":367,"column":39}},"136":{"start":{"line":371,"column":10},"end":{"line":373,"column":11}},"137":{"start":{"line":372,"column":12},"end":{"line":372,"column":37}},"138":{"start":{"line":375,"column":25},"end":{"line":375,"column":27}},"139":{"start":{"line":376,"column":25},"end":{"line":376,"column":27}},"140":{"start":{"line":377,"column":28},"end":{"line":377,"column":37}},"141":{"start":{"line":378,"column":26},"end":{"line":378,"column":91}},"142":{"start":{"line":379,"column":8},"end":{"line":400,"column":9}},"143":{"start":{"line":380,"column":10},"end":{"line":382,"column":11}},"144":{"start":{"line":381,"column":12},"end":{"line":381,"column":37}},"145":{"start":{"line":385,"column":25},"end":{"line":385,"column":90}},"146":{"start":{"line":386,"column":10},"end":{"line":399,"column":11}},"147":{"start":{"line":387,"column":12},"end":{"line":391,"column":13}},"148":{"start":{"line":388,"column":14},"end":{"line":388,"column":34}},"149":{"start":{"line":390,"column":14},"end":{"line":390,"column":34}},"150":{"start":{"line":396,"column":16},"end":{"line":396,"column":20}},"151":{"start":{"line":398,"column":12},"end":{"line":398,"column":32}},"152":{"start":{"line":401,"column":25},"end":{"line":401,"column":27}},"153":{"start":{"line":402,"column":8},"end":{"line":406,"column":9}},"154":{"start":{"line":403,"column":10},"end":{"line":405,"column":11}},"155":{"start":{"line":404,"column":12},"end":{"line":404,"column":32}},"156":{"start":{"line":407,"column":20},"end":{"line":407,"column":22}},"157":{"start":{"line":408,"column":8},"end":{"line":408,"column":96}},"158":{"start":{"line":408,"column":33},"end":{"line":408,"column":96}},"159":{"start":{"line":409,"column":8},"end":{"line":409,"column":85}},"160":{"start":{"line":409,"column":33},"end":{"line":409,"column":85}},"161":{"start":{"line":410,"column":8},"end":{"line":410,"column":85}},"162":{"start":{"line":410,"column":33},"end":{"line":410,"column":85}},"163":{"start":{"line":411,"column":8},"end":{"line":411,"column":31}},"164":{"start":{"line":413,"column":27},"end":{"line":413,"column":29}},"165":{"start":{"line":416,"column":6},"end":{"line":435,"column":7}},"166":{"start":{"line":417,"column":8},"end":{"line":434,"column":14}},"167":{"start":{"line":417,"column":75},"end":{"line":434,"column":9}},"168":{"start":{"line":438,"column":6},"end":{"line":456,"column":7}},"169":{"start":{"line":439,"column":8},"end":{"line":455,"column":14}},"170":{"start":{"line":439,"column":69},"end":{"line":455,"column":9}},"171":{"start":{"line":459,"column":6},"end":{"line":468,"column":7}},"172":{"start":{"line":460,"column":8},"end":{"line":467,"column":14}},"173":{"start":{"line":460,"column":79},"end":{"line":467,"column":9}},"174":{"start":{"line":471,"column":6},"end":{"line":481,"column":7}},"175":{"start":{"line":472,"column":8},"end":{"line":480,"column":14}},"176":{"start":{"line":472,"column":81},"end":{"line":480,"column":9}},"177":{"start":{"line":484,"column":6},"end":{"line":495,"column":7}},"178":{"start":{"line":485,"column":8},"end":{"line":494,"column":14}},"179":{"start":{"line":485,"column":71},"end":{"line":494,"column":9}},"180":{"start":{"line":498,"column":6},"end":{"line":504,"column":7}},"181":{"start":{"line":499,"column":8},"end":{"line":503,"column":14}},"182":{"start":{"line":499,"column":69},"end":{"line":503,"column":9}},"183":{"start":{"line":507,"column":6},"end":{"line":530,"column":7}},"184":{"start":{"line":508,"column":8},"end":{"line":513,"column":14}},"185":{"start":{"line":508,"column":81},"end":{"line":513,"column":9}},"186":{"start":{"line":517,"column":29},"end":{"line":517,"column":30}},"187":{"start":{"line":518,"column":8},"end":{"line":520,"column":9}},"188":{"start":{"line":519,"column":10},"end":{"line":519,"column":44}},"189":{"start":{"line":519,"column":27},"end":{"line":519,"column":44}},"190":{"start":{"line":521,"column":31},"end":{"line":521,"column":69}},"191":{"start":{"line":522,"column":25},"end":{"line":522,"column":90}},"192":{"start":{"line":524,"column":8},"end":{"line":529,"column":14}},"193":{"start":{"line":525,"column":10},"end":{"line":528,"column":13}},"194":{"start":{"line":533,"column":30},"end":{"line":541,"column":7}},"195":{"start":{"line":534,"column":8},"end":{"line":540,"column":12}},"196":{"start":{"line":534,"column":69},"end":{"line":538,"column":9}},"197":{"start":{"line":542,"column":6},"end":{"line":542,"column":107}},"198":{"start":{"line":542,"column":45},"end":{"line":542,"column":107}},"199":{"start":{"line":543,"column":6},"end":{"line":543,"column":113}},"200":{"start":{"line":543,"column":47},"end":{"line":543,"column":113}},"201":{"start":{"line":546,"column":6},"end":{"line":589,"column":7}},"202":{"start":{"line":547,"column":23},"end":{"line":547,"column":50}},"203":{"start":{"line":549,"column":8},"end":{"line":588,"column":14}},"204":{"start":{"line":550,"column":29},"end":{"line":550,"column":31}},"205":{"start":{"line":551,"column":10},"end":{"line":559,"column":11}},"206":{"start":{"line":552,"column":12},"end":{"line":552,"column":66}},"207":{"start":{"line":556,"column":16},"end":{"line":556,"column":79}},"208":{"start":{"line":557,"column":12},"end":{"line":557,"column":38}},"209":{"start":{"line":558,"column":12},"end":{"line":558,"column":65}},"210":{"start":{"line":560,"column":33},"end":{"line":560,"column":42}},"211":{"start":{"line":561,"column":30},"end":{"line":561,"column":39}},"212":{"start":{"line":562,"column":10},"end":{"line":565,"column":11}},"213":{"start":{"line":563,"column":12},"end":{"line":563,"column":40}},"214":{"start":{"line":564,"column":12},"end":{"line":564,"column":34}},"215":{"start":{"line":566,"column":10},"end":{"line":572,"column":15}},"216":{"start":{"line":566,"column":67},"end":{"line":572,"column":11}},"217":{"start":{"line":575,"column":40},"end":{"line":575,"column":42}},"218":{"start":{"line":576,"column":10},"end":{"line":584,"column":11}},"219":{"start":{"line":577,"column":12},"end":{"line":583,"column":13}},"220":{"start":{"line":578,"column":14},"end":{"line":582,"column":17}},"221":{"start":{"line":585,"column":10},"end":{"line":587,"column":11}},"222":{"start":{"line":586,"column":12},"end":{"line":586,"column":79}},"223":{"start":{"line":590,"column":6},"end":{"line":590,"column":38}},"224":{"start":{"line":594,"column":32},"end":{"line":596,"column":7}},"225":{"start":{"line":597,"column":6},"end":{"line":599,"column":7}},"226":{"start":{"line":598,"column":8},"end":{"line":598,"column":62}},"227":{"start":{"line":600,"column":6},"end":{"line":600,"column":80}},"228":{"start":{"line":602,"column":6},"end":{"line":602,"column":56}},"229":{"start":{"line":603,"column":6},"end":{"line":603,"column":56}}},"fnMap":{"0":{"name":"(anonymous_0)","decl":{"start":{"line":8,"column":18},"end":{"line":8,"column":19}},"loc":{"start":{"line":8,"column":25},"end":{"line":8,"column":207}},"line":8},"1":{"name":"(anonymous_1)","decl":{"start":{"line":12,"column":2},"end":{"line":12,"column":3}},"loc":{"start":{"line":12,"column":63},"end":{"line":324,"column":3}},"line":12},"2":{"name":"(anonymous_2)","decl":{"start":{"line":14,"column":26},"end":{"line":14,"column":27}},"loc":{"start":{"line":14,"column":34},"end":{"line":14,"column":66}},"line":14},"3":{"name":"(anonymous_3)","decl":{"start":{"line":137,"column":115},"end":{"line":137,"column":116}},"loc":{"start":{"line":137,"column":120},"end":{"line":172,"column":9}},"line":137},"4":{"name":"(anonymous_4)","decl":{"start":{"line":156,"column":41},"end":{"line":156,"column":42}},"loc":{"start":{"line":156,"column":47},"end":{"line":161,"column":13}},"line":156},"5":{"name":"(anonymous_5)","decl":{"start":{"line":162,"column":44},"end":{"line":162,"column":45}},"loc":{"start":{"line":162,"column":50},"end":{"line":169,"column":13}},"line":162},"6":{"name":"(anonymous_6)","decl":{"start":{"line":175,"column":123},"end":{"line":175,"column":124}},"loc":{"start":{"line":175,"column":129},"end":{"line":182,"column":9}},"line":175},"7":{"name":"(anonymous_7)","decl":{"start":{"line":185,"column":113},"end":{"line":185,"column":114}},"loc":{"start":{"line":185,"column":119},"end":{"line":194,"column":9}},"line":185},"8":{"name":"(anonymous_8)","decl":{"start":{"line":197,"column":103},"end":{"line":197,"column":104}},"loc":{"start":{"line":197,"column":109},"end":{"line":212,"column":9}},"line":197},"9":{"name":"(anonymous_9)","decl":{"start":{"line":215,"column":123},"end":{"line":215,"column":124}},"loc":{"start":{"line":215,"column":129},"end":{"line":222,"column":9}},"line":215},"10":{"name":"(anonymous_10)","decl":{"start":{"line":240,"column":38},"end":{"line":240,"column":39}},"loc":{"start":{"line":240,"column":44},"end":{"line":250,"column":9}},"line":240},"11":{"name":"(anonymous_11)","decl":{"start":{"line":253,"column":103},"end":{"line":253,"column":104}},"loc":{"start":{"line":253,"column":109},"end":{"line":257,"column":9}},"line":253},"12":{"name":"(anonymous_12)","decl":{"start":{"line":260,"column":50},"end":{"line":260,"column":51}},"loc":{"start":{"line":260,"column":56},"end":{"line":265,"column":9}},"line":260},"13":{"name":"(anonymous_13)","decl":{"start":{"line":301,"column":129},"end":{"line":301,"column":130}},"loc":{"start":{"line":301,"column":135},"end":{"line":307,"column":9}},"line":301},"14":{"name":"(anonymous_14)","decl":{"start":{"line":310,"column":127},"end":{"line":310,"column":128}},"loc":{"start":{"line":310,"column":133},"end":{"line":317,"column":9}},"line":310},"15":{"name":"(anonymous_15)","decl":{"start":{"line":325,"column":2},"end":{"line":325,"column":3}},"loc":{"start":{"line":325,"column":60},"end":{"line":605,"column":3}},"line":325},"16":{"name":"(anonymous_16)","decl":{"start":{"line":331,"column":24},"end":{"line":331,"column":25}},"loc":{"start":{"line":331,"column":73},"end":{"line":412,"column":7}},"line":331},"17":{"name":"(anonymous_17)","decl":{"start":{"line":339,"column":40},"end":{"line":339,"column":41}},"loc":{"start":{"line":339,"column":45},"end":{"line":339,"column":56}},"line":339},"18":{"name":"(anonymous_18)","decl":{"start":{"line":417,"column":69},"end":{"line":417,"column":70}},"loc":{"start":{"line":417,"column":75},"end":{"line":434,"column":9}},"line":417},"19":{"name":"(anonymous_19)","decl":{"start":{"line":439,"column":63},"end":{"line":439,"column":64}},"loc":{"start":{"line":439,"column":69},"end":{"line":455,"column":9}},"line":439},"20":{"name":"(anonymous_20)","decl":{"start":{"line":460,"column":73},"end":{"line":460,"column":74}},"loc":{"start":{"line":460,"column":79},"end":{"line":467,"column":9}},"line":460},"21":{"name":"(anonymous_21)","decl":{"start":{"line":472,"column":75},"end":{"line":472,"column":76}},"loc":{"start":{"line":472,"column":81},"end":{"line":480,"column":9}},"line":472},"22":{"name":"(anonymous_22)","decl":{"start":{"line":485,"column":65},"end":{"line":485,"column":66}},"loc":{"start":{"line":485,"column":71},"end":{"line":494,"column":9}},"line":485},"23":{"name":"(anonymous_23)","decl":{"start":{"line":499,"column":63},"end":{"line":499,"column":64}},"loc":{"start":{"line":499,"column":69},"end":{"line":503,"column":9}},"line":499},"24":{"name":"(anonymous_24)","decl":{"start":{"line":508,"column":75},"end":{"line":508,"column":76}},"loc":{"start":{"line":508,"column":81},"end":{"line":513,"column":9}},"line":508},"25":{"name":"(anonymous_25)","decl":{"start":{"line":524,"column":27},"end":{"line":524,"column":28}},"loc":{"start":{"line":524,"column":39},"end":{"line":529,"column":9}},"line":524},"26":{"name":"(anonymous_26)","decl":{"start":{"line":533,"column":30},"end":{"line":533,"column":31}},"loc":{"start":{"line":533,"column":59},"end":{"line":541,"column":7}},"line":533},"27":{"name":"(anonymous_27)","decl":{"start":{"line":534,"column":63},"end":{"line":534,"column":64}},"loc":{"start":{"line":534,"column":69},"end":{"line":538,"column":9}},"line":534},"28":{"name":"(anonymous_28)","decl":{"start":{"line":549,"column":27},"end":{"line":549,"column":28}},"loc":{"start":{"line":549,"column":39},"end":{"line":588,"column":9}},"line":549},"29":{"name":"(anonymous_29)","decl":{"start":{"line":566,"column":61},"end":{"line":566,"column":62}},"loc":{"start":{"line":566,"column":67},"end":{"line":572,"column":11}},"line":566}},"branchMap":{"0":{"loc":{"start":{"line":8,"column":33},"end":{"line":8,"column":206}},"type":"binary-expr","locations":[{"start":{"line":8,"column":33},"end":{"line":8,"column":36}},{"start":{"line":8,"column":41},"end":{"line":8,"column":72}},{"start":{"line":8,"column":76},"end":{"line":8,"column":107}},{"start":{"line":8,"column":111},"end":{"line":8,"column":142}},{"start":{"line":8,"column":146},"end":{"line":8,"column":173}},{"start":{"line":8,"column":177},"end":{"line":8,"column":205}}],"line":8},"1":{"loc":{"start":{"line":12,"column":17},"end":{"line":12,"column":46}},"type":"default-arg","locations":[{"start":{"line":12,"column":28},"end":{"line":12,"column":46}}],"line":12},"2":{"loc":{"start":{"line":12,"column":48},"end":{"line":12,"column":61}},"type":"default-arg","locations":[{"start":{"line":12,"column":57},"end":{"line":12,"column":61}}],"line":12},"3":{"loc":{"start":{"line":14,"column":34},"end":{"line":14,"column":66}},"type":"binary-expr","locations":[{"start":{"line":14,"column":34},"end":{"line":14,"column":41}},{"start":{"line":14,"column":45},"end":{"line":14,"column":66}}],"line":14},"4":{"loc":{"start":{"line":17,"column":28},"end":{"line":21,"column":8}},"type":"cond-expr","locations":[{"start":{"line":17,"column":52},"end":{"line":19,"column":8}},{"start":{"line":19,"column":11},"end":{"line":21,"column":8}}],"line":17},"5":{"loc":{"start":{"line":22,"column":27},"end":{"line":26,"column":8}},"type":"cond-expr","locations":[{"start":{"line":22,"column":50},"end":{"line":24,"column":8}},{"start":{"line":24,"column":11},"end":{"line":26,"column":8}}],"line":22},"6":{"loc":{"start":{"line":27,"column":33},"end":{"line":31,"column":8}},"type":"cond-expr","locations":[{"start":{"line":27,"column":62},"end":{"line":29,"column":8}},{"start":{"line":29,"column":11},"end":{"line":31,"column":8}}],"line":27},"7":{"loc":{"start":{"line":32,"column":31},"end":{"line":36,"column":8}},"type":"cond-expr","locations":[{"start":{"line":32,"column":58},"end":{"line":34,"column":8}},{"start":{"line":34,"column":11},"end":{"line":36,"column":8}}],"line":32},"8":{"loc":{"start":{"line":37,"column":30},"end":{"line":39,"column":8}},"type":"cond-expr","locations":[{"start":{"line":37,"column":60},"end":{"line":37,"column":122}},{"start":{"line":37,"column":125},"end":{"line":39,"column":8}}],"line":37},"9":{"loc":{"start":{"line":40,"column":31},"end":{"line":44,"column":8}},"type":"cond-expr","locations":[{"start":{"line":40,"column":69},"end":{"line":42,"column":8}},{"start":{"line":42,"column":11},"end":{"line":44,"column":8}}],"line":40},"10":{"loc":{"start":{"line":45,"column":27},"end":{"line":49,"column":8}},"type":"cond-expr","locations":[{"start":{"line":45,"column":50},"end":{"line":47,"column":8}},{"start":{"line":47,"column":11},"end":{"line":49,"column":8}}],"line":45},"11":{"loc":{"start":{"line":50,"column":30},"end":{"line":54,"column":8}},"type":"cond-expr","locations":[{"start":{"line":50,"column":56},"end":{"line":52,"column":8}},{"start":{"line":52,"column":11},"end":{"line":54,"column":8}}],"line":50},"12":{"loc":{"start":{"line":55,"column":32},"end":{"line":59,"column":8}},"type":"cond-expr","locations":[{"start":{"line":55,"column":60},"end":{"line":57,"column":8}},{"start":{"line":57,"column":11},"end":{"line":59,"column":8}}],"line":55},"13":{"loc":{"start":{"line":60,"column":29},"end":{"line":64,"column":8}},"type":"cond-expr","locations":[{"start":{"line":60,"column":69},"end":{"line":62,"column":8}},{"start":{"line":62,"column":11},"end":{"line":64,"column":8}}],"line":60},"14":{"loc":{"start":{"line":65,"column":31},"end":{"line":67,"column":8}},"type":"cond-expr","locations":[{"start":{"line":65,"column":67},"end":{"line":65,"column":114}},{"start":{"line":65,"column":117},"end":{"line":67,"column":8}}],"line":65},"15":{"loc":{"start":{"line":68,"column":30},"end":{"line":72,"column":8}},"type":"cond-expr","locations":[{"start":{"line":68,"column":65},"end":{"line":70,"column":18}},{"start":{"line":70,"column":21},"end":{"line":72,"column":8}}],"line":68},"16":{"loc":{"start":{"line":73,"column":28},"end":{"line":77,"column":8}},"type":"cond-expr","locations":[{"start":{"line":73,"column":59},"end":{"line":75,"column":8}},{"start":{"line":75,"column":11},"end":{"line":77,"column":8}}],"line":73},"17":{"loc":{"start":{"line":78,"column":33},"end":{"line":82,"column":8}},"type":"cond-expr","locations":[{"start":{"line":78,"column":62},"end":{"line":80,"column":8}},{"start":{"line":80,"column":11},"end":{"line":82,"column":8}}],"line":78},"18":{"loc":{"start":{"line":83,"column":35},"end":{"line":87,"column":8}},"type":"cond-expr","locations":[{"start":{"line":83,"column":67},"end":{"line":85,"column":8}},{"start":{"line":85,"column":11},"end":{"line":87,"column":8}}],"line":83},"19":{"loc":{"start":{"line":97,"column":30},"end":{"line":99,"column":8}},"type":"cond-expr","locations":[{"start":{"line":97,"column":62},"end":{"line":97,"column":142}},{"start":{"line":97,"column":145},"end":{"line":99,"column":8}}],"line":97},"20":{"loc":{"start":{"line":101,"column":23},"end":{"line":104,"column":7}},"type":"binary-expr","locations":[{"start":{"line":101,"column":24},"end":{"line":101,"column":98}},{"start":{"line":101,"column":103},"end":{"line":104,"column":7}}],"line":101},"21":{"loc":{"start":{"line":101,"column":24},"end":{"line":101,"column":98}},"type":"cond-expr","locations":[{"start":{"line":101,"column":73},"end":{"line":101,"column":79}},{"start":{"line":101,"column":82},"end":{"line":101,"column":98}}],"line":101},"22":{"loc":{"start":{"line":101,"column":24},"end":{"line":101,"column":70}},"type":"binary-expr","locations":[{"start":{"line":101,"column":24},"end":{"line":101,"column":44}},{"start":{"line":101,"column":48},"end":{"line":101,"column":70}}],"line":101},"23":{"loc":{"start":{"line":110,"column":31},"end":{"line":110,"column":122}},"type":"binary-expr","locations":[{"start":{"line":110,"column":32},"end":{"line":110,"column":115}},{"start":{"line":110,"column":120},"end":{"line":110,"column":122}}],"line":110},"24":{"loc":{"start":{"line":110,"column":32},"end":{"line":110,"column":115}},"type":"cond-expr","locations":[{"start":{"line":110,"column":87},"end":{"line":110,"column":93}},{"start":{"line":110,"column":96},"end":{"line":110,"column":115}}],"line":110},"25":{"loc":{"start":{"line":110,"column":32},"end":{"line":110,"column":84}},"type":"binary-expr","locations":[{"start":{"line":110,"column":32},"end":{"line":110,"column":55}},{"start":{"line":110,"column":59},"end":{"line":110,"column":84}}],"line":110},"26":{"loc":{"start":{"line":111,"column":27},"end":{"line":111,"column":109}},"type":"binary-expr","locations":[{"start":{"line":111,"column":28},"end":{"line":111,"column":102}},{"start":{"line":111,"column":107},"end":{"line":111,"column":109}}],"line":111},"27":{"loc":{"start":{"line":111,"column":28},"end":{"line":111,"column":102}},"type":"cond-expr","locations":[{"start":{"line":111,"column":77},"end":{"line":111,"column":83}},{"start":{"line":111,"column":86},"end":{"line":111,"column":102}}],"line":111},"28":{"loc":{"start":{"line":111,"column":28},"end":{"line":111,"column":74}},"type":"binary-expr","locations":[{"start":{"line":111,"column":28},"end":{"line":111,"column":48}},{"start":{"line":111,"column":52},"end":{"line":111,"column":74}}],"line":111},"29":{"loc":{"start":{"line":120,"column":27},"end":{"line":120,"column":112}},"type":"binary-expr","locations":[{"start":{"line":120,"column":28},"end":{"line":120,"column":105}},{"start":{"line":120,"column":110},"end":{"line":120,"column":112}}],"line":120},"30":{"loc":{"start":{"line":120,"column":28},"end":{"line":120,"column":105}},"type":"cond-expr","locations":[{"start":{"line":120,"column":79},"end":{"line":120,"column":85}},{"start":{"line":120,"column":88},"end":{"line":120,"column":105}}],"line":120},"31":{"loc":{"start":{"line":120,"column":28},"end":{"line":120,"column":76}},"type":"binary-expr","locations":[{"start":{"line":120,"column":28},"end":{"line":120,"column":49}},{"start":{"line":120,"column":53},"end":{"line":120,"column":76}}],"line":120},"32":{"loc":{"start":{"line":121,"column":31},"end":{"line":121,"column":110}},"type":"binary-expr","locations":[{"start":{"line":121,"column":32},"end":{"line":121,"column":103}},{"start":{"line":121,"column":108},"end":{"line":121,"column":110}}],"line":121},"33":{"loc":{"start":{"line":121,"column":32},"end":{"line":121,"column":103}},"type":"cond-expr","locations":[{"start":{"line":121,"column":79},"end":{"line":121,"column":85}},{"start":{"line":121,"column":88},"end":{"line":121,"column":103}}],"line":121},"34":{"loc":{"start":{"line":121,"column":32},"end":{"line":121,"column":76}},"type":"binary-expr","locations":[{"start":{"line":121,"column":32},"end":{"line":121,"column":51}},{"start":{"line":121,"column":55},"end":{"line":121,"column":76}}],"line":121},"35":{"loc":{"start":{"line":126,"column":9},"end":{"line":126,"column":215}},"type":"cond-expr","locations":[{"start":{"line":126,"column":145},"end":{"line":126,"column":166}},{"start":{"line":126,"column":169},"end":{"line":126,"column":215}}],"line":126},"36":{"loc":{"start":{"line":126,"column":9},"end":{"line":126,"column":142}},"type":"binary-expr","locations":[{"start":{"line":126,"column":9},"end":{"line":126,"column":106}},{"start":{"line":126,"column":110},"end":{"line":126,"column":142}}],"line":126},"37":{"loc":{"start":{"line":128,"column":27},"end":{"line":128,"column":112}},"type":"binary-expr","locations":[{"start":{"line":128,"column":28},"end":{"line":128,"column":105}},{"start":{"line":128,"column":110},"end":{"line":128,"column":112}}],"line":128},"38":{"loc":{"start":{"line":128,"column":28},"end":{"line":128,"column":105}},"type":"cond-expr","locations":[{"start":{"line":128,"column":79},"end":{"line":128,"column":85}},{"start":{"line":128,"column":88},"end":{"line":128,"column":105}}],"line":128},"39":{"loc":{"start":{"line":128,"column":28},"end":{"line":128,"column":76}},"type":"binary-expr","locations":[{"start":{"line":128,"column":28},"end":{"line":128,"column":49}},{"start":{"line":128,"column":53},"end":{"line":128,"column":76}}],"line":128},"40":{"loc":{"start":{"line":133,"column":9},"end":{"line":133,"column":217}},"type":"cond-expr","locations":[{"start":{"line":133,"column":146},"end":{"line":133,"column":167}},{"start":{"line":133,"column":170},"end":{"line":133,"column":217}}],"line":133},"41":{"loc":{"start":{"line":133,"column":9},"end":{"line":133,"column":143}},"type":"binary-expr","locations":[{"start":{"line":133,"column":9},"end":{"line":133,"column":107}},{"start":{"line":133,"column":111},"end":{"line":133,"column":143}}],"line":133},"42":{"loc":{"start":{"line":136,"column":6},"end":{"line":173,"column":7}},"type":"if","locations":[{"start":{"line":136,"column":6},"end":{"line":173,"column":7}},{"start":{},"end":{}}],"line":136},"43":{"loc":{"start":{"line":137,"column":27},"end":{"line":137,"column":109}},"type":"binary-expr","locations":[{"start":{"line":137,"column":28},"end":{"line":137,"column":102}},{"start":{"line":137,"column":107},"end":{"line":137,"column":109}}],"line":137},"44":{"loc":{"start":{"line":137,"column":28},"end":{"line":137,"column":102}},"type":"cond-expr","locations":[{"start":{"line":137,"column":77},"end":{"line":137,"column":83}},{"start":{"line":137,"column":86},"end":{"line":137,"column":102}}],"line":137},"45":{"loc":{"start":{"line":137,"column":28},"end":{"line":137,"column":74}},"type":"binary-expr","locations":[{"start":{"line":137,"column":28},"end":{"line":137,"column":48}},{"start":{"line":137,"column":52},"end":{"line":137,"column":74}}],"line":137},"46":{"loc":{"start":{"line":138,"column":31},"end":{"line":138,"column":63}},"type":"binary-expr","locations":[{"start":{"line":138,"column":31},"end":{"line":138,"column":57}},{"start":{"line":138,"column":61},"end":{"line":138,"column":63}}],"line":138},"47":{"loc":{"start":{"line":139,"column":32},"end":{"line":139,"column":65}},"type":"binary-expr","locations":[{"start":{"line":139,"column":32},"end":{"line":139,"column":59}},{"start":{"line":139,"column":63},"end":{"line":139,"column":65}}],"line":139},"48":{"loc":{"start":{"line":142,"column":22},"end":{"line":142,"column":44}},"type":"binary-expr","locations":[{"start":{"line":142,"column":22},"end":{"line":142,"column":32}},{"start":{"line":142,"column":36},"end":{"line":142,"column":44}}],"line":142},"49":{"loc":{"start":{"line":144,"column":25},"end":{"line":144,"column":44}},"type":"binary-expr","locations":[{"start":{"line":144,"column":25},"end":{"line":144,"column":38}},{"start":{"line":144,"column":42},"end":{"line":144,"column":44}}],"line":144},"50":{"loc":{"start":{"line":145,"column":19},"end":{"line":145,"column":42}},"type":"binary-expr","locations":[{"start":{"line":145,"column":19},"end":{"line":145,"column":26}},{"start":{"line":145,"column":30},"end":{"line":145,"column":42}}],"line":145},"51":{"loc":{"start":{"line":146,"column":20},"end":{"line":146,"column":36}},"type":"binary-expr","locations":[{"start":{"line":146,"column":20},"end":{"line":146,"column":28}},{"start":{"line":146,"column":32},"end":{"line":146,"column":36}}],"line":146},"52":{"loc":{"start":{"line":147,"column":19},"end":{"line":147,"column":39}},"type":"binary-expr","locations":[{"start":{"line":147,"column":19},"end":{"line":147,"column":26}},{"start":{"line":147,"column":30},"end":{"line":147,"column":39}}],"line":147},"53":{"loc":{"start":{"line":148,"column":25},"end":{"line":148,"column":101}},"type":"binary-expr","locations":[{"start":{"line":148,"column":25},"end":{"line":148,"column":39}},{"start":{"line":148,"column":44},"end":{"line":148,"column":100}}],"line":148},"54":{"loc":{"start":{"line":148,"column":44},"end":{"line":148,"column":100}},"type":"cond-expr","locations":[{"start":{"line":148,"column":73},"end":{"line":148,"column":88}},{"start":{"line":148,"column":91},"end":{"line":148,"column":100}}],"line":148},"55":{"loc":{"start":{"line":149,"column":26},"end":{"line":149,"column":114}},"type":"cond-expr","locations":[{"start":{"line":149,"column":74},"end":{"line":149,"column":83}},{"start":{"line":149,"column":86},"end":{"line":149,"column":114}}],"line":149},"56":{"loc":{"start":{"line":149,"column":26},"end":{"line":149,"column":71}},"type":"binary-expr","locations":[{"start":{"line":149,"column":26},"end":{"line":149,"column":52}},{"start":{"line":149,"column":56},"end":{"line":149,"column":71}}],"line":149},"57":{"loc":{"start":{"line":149,"column":86},"end":{"line":149,"column":114}},"type":"binary-expr","locations":[{"start":{"line":149,"column":86},"end":{"line":149,"column":101}},{"start":{"line":149,"column":105},"end":{"line":149,"column":114}}],"line":149},"58":{"loc":{"start":{"line":150,"column":22},"end":{"line":150,"column":46}},"type":"binary-expr","locations":[{"start":{"line":150,"column":22},"end":{"line":150,"column":33}},{"start":{"line":150,"column":37},"end":{"line":150,"column":46}}],"line":150},"59":{"loc":{"start":{"line":151,"column":19},"end":{"line":151,"column":31}},"type":"binary-expr","locations":[{"start":{"line":151,"column":19},"end":{"line":151,"column":26}},{"start":{"line":151,"column":30},"end":{"line":151,"column":31}}],"line":151},"60":{"loc":{"start":{"line":152,"column":25},"end":{"line":152,"column":44}},"type":"binary-expr","locations":[{"start":{"line":152,"column":25},"end":{"line":152,"column":39}},{"start":{"line":152,"column":43},"end":{"line":152,"column":44}}],"line":152},"61":{"loc":{"start":{"line":153,"column":24},"end":{"line":153,"column":46}},"type":"binary-expr","locations":[{"start":{"line":153,"column":24},"end":{"line":153,"column":37}},{"start":{"line":153,"column":41},"end":{"line":153,"column":46}}],"line":153},"62":{"loc":{"start":{"line":154,"column":26},"end":{"line":154,"column":58}},"type":"binary-expr","locations":[{"start":{"line":154,"column":26},"end":{"line":154,"column":41}},{"start":{"line":154,"column":45},"end":{"line":154,"column":58}}],"line":154},"63":{"loc":{"start":{"line":155,"column":20},"end":{"line":155,"column":37}},"type":"binary-expr","locations":[{"start":{"line":155,"column":20},"end":{"line":155,"column":28}},{"start":{"line":155,"column":32},"end":{"line":155,"column":37}}],"line":155},"64":{"loc":{"start":{"line":170,"column":23},"end":{"line":170,"column":48}},"type":"binary-expr","locations":[{"start":{"line":170,"column":23},"end":{"line":170,"column":35}},{"start":{"line":170,"column":39},"end":{"line":170,"column":48}}],"line":170},"65":{"loc":{"start":{"line":174,"column":6},"end":{"line":183,"column":7}},"type":"if","locations":[{"start":{"line":174,"column":6},"end":{"line":183,"column":7}},{"start":{},"end":{}}],"line":174},"66":{"loc":{"start":{"line":175,"column":35},"end":{"line":175,"column":117}},"type":"binary-expr","locations":[{"start":{"line":175,"column":36},"end":{"line":175,"column":110}},{"start":{"line":175,"column":115},"end":{"line":175,"column":117}}],"line":175},"67":{"loc":{"start":{"line":175,"column":36},"end":{"line":175,"column":110}},"type":"cond-expr","locations":[{"start":{"line":175,"column":85},"end":{"line":175,"column":91}},{"start":{"line":175,"column":94},"end":{"line":175,"column":110}}],"line":175},"68":{"loc":{"start":{"line":175,"column":36},"end":{"line":175,"column":82}},"type":"binary-expr","locations":[{"start":{"line":175,"column":36},"end":{"line":175,"column":56}},{"start":{"line":175,"column":60},"end":{"line":175,"column":82}}],"line":175},"69":{"loc":{"start":{"line":184,"column":6},"end":{"line":195,"column":7}},"type":"if","locations":[{"start":{"line":184,"column":6},"end":{"line":195,"column":7}},{"start":{},"end":{}}],"line":184},"70":{"loc":{"start":{"line":185,"column":31},"end":{"line":185,"column":107}},"type":"binary-expr","locations":[{"start":{"line":185,"column":32},"end":{"line":185,"column":100}},{"start":{"line":185,"column":105},"end":{"line":185,"column":107}}],"line":185},"71":{"loc":{"start":{"line":185,"column":32},"end":{"line":185,"column":100}},"type":"cond-expr","locations":[{"start":{"line":185,"column":77},"end":{"line":185,"column":83}},{"start":{"line":185,"column":86},"end":{"line":185,"column":100}}],"line":185},"72":{"loc":{"start":{"line":185,"column":32},"end":{"line":185,"column":74}},"type":"binary-expr","locations":[{"start":{"line":185,"column":32},"end":{"line":185,"column":50}},{"start":{"line":185,"column":54},"end":{"line":185,"column":74}}],"line":185},"73":{"loc":{"start":{"line":196,"column":6},"end":{"line":213,"column":7}},"type":"if","locations":[{"start":{"line":196,"column":6},"end":{"line":213,"column":7}},{"start":{},"end":{}}],"line":196},"74":{"loc":{"start":{"line":197,"column":24},"end":{"line":197,"column":97}},"type":"binary-expr","locations":[{"start":{"line":197,"column":25},"end":{"line":197,"column":90}},{"start":{"line":197,"column":95},"end":{"line":197,"column":97}}],"line":197},"75":{"loc":{"start":{"line":197,"column":25},"end":{"line":197,"column":90}},"type":"cond-expr","locations":[{"start":{"line":197,"column":68},"end":{"line":197,"column":74}},{"start":{"line":197,"column":77},"end":{"line":197,"column":90}}],"line":197},"76":{"loc":{"start":{"line":197,"column":25},"end":{"line":197,"column":65}},"type":"binary-expr","locations":[{"start":{"line":197,"column":25},"end":{"line":197,"column":42}},{"start":{"line":197,"column":46},"end":{"line":197,"column":65}}],"line":197},"77":{"loc":{"start":{"line":199,"column":16},"end":{"line":199,"column":33}},"type":"binary-expr","locations":[{"start":{"line":199,"column":16},"end":{"line":199,"column":22}},{"start":{"line":199,"column":26},"end":{"line":199,"column":33}}],"line":199},"78":{"loc":{"start":{"line":200,"column":18},"end":{"line":200,"column":171}},"type":"cond-expr","locations":[{"start":{"line":200,"column":43},"end":{"line":200,"column":49}},{"start":{"line":200,"column":52},"end":{"line":200,"column":171}}],"line":200},"79":{"loc":{"start":{"line":200,"column":52},"end":{"line":200,"column":171}},"type":"cond-expr","locations":[{"start":{"line":200,"column":77},"end":{"line":200,"column":86}},{"start":{"line":200,"column":89},"end":{"line":200,"column":171}}],"line":200},"80":{"loc":{"start":{"line":200,"column":89},"end":{"line":200,"column":171}},"type":"cond-expr","locations":[{"start":{"line":200,"column":111},"end":{"line":200,"column":117}},{"start":{"line":200,"column":120},"end":{"line":200,"column":171}}],"line":200},"81":{"loc":{"start":{"line":200,"column":120},"end":{"line":200,"column":171}},"type":"cond-expr","locations":[{"start":{"line":200,"column":149},"end":{"line":200,"column":162}},{"start":{"line":200,"column":165},"end":{"line":200,"column":171}}],"line":200},"82":{"loc":{"start":{"line":201,"column":20},"end":{"line":201,"column":40}},"type":"binary-expr","locations":[{"start":{"line":201,"column":20},"end":{"line":201,"column":30}},{"start":{"line":201,"column":34},"end":{"line":201,"column":40}}],"line":201},"83":{"loc":{"start":{"line":202,"column":20},"end":{"line":202,"column":43}},"type":"binary-expr","locations":[{"start":{"line":202,"column":20},"end":{"line":202,"column":30}},{"start":{"line":202,"column":34},"end":{"line":202,"column":43}}],"line":202},"84":{"loc":{"start":{"line":203,"column":26},"end":{"line":203,"column":47}},"type":"binary-expr","locations":[{"start":{"line":203,"column":26},"end":{"line":203,"column":42}},{"start":{"line":203,"column":46},"end":{"line":203,"column":47}}],"line":203},"85":{"loc":{"start":{"line":204,"column":23},"end":{"line":204,"column":41}},"type":"binary-expr","locations":[{"start":{"line":204,"column":23},"end":{"line":204,"column":36}},{"start":{"line":204,"column":40},"end":{"line":204,"column":41}}],"line":204},"86":{"loc":{"start":{"line":208,"column":19},"end":{"line":208,"column":34}},"type":"binary-expr","locations":[{"start":{"line":208,"column":19},"end":{"line":208,"column":28}},{"start":{"line":208,"column":32},"end":{"line":208,"column":34}}],"line":208},"87":{"loc":{"start":{"line":209,"column":23},"end":{"line":209,"column":42}},"type":"binary-expr","locations":[{"start":{"line":209,"column":23},"end":{"line":209,"column":36}},{"start":{"line":209,"column":40},"end":{"line":209,"column":42}}],"line":209},"88":{"loc":{"start":{"line":210,"column":18},"end":{"line":210,"column":39}},"type":"binary-expr","locations":[{"start":{"line":210,"column":18},"end":{"line":210,"column":26}},{"start":{"line":210,"column":30},"end":{"line":210,"column":39}}],"line":210},"89":{"loc":{"start":{"line":211,"column":20},"end":{"line":211,"column":43}},"type":"binary-expr","locations":[{"start":{"line":211,"column":20},"end":{"line":211,"column":30}},{"start":{"line":211,"column":34},"end":{"line":211,"column":43}}],"line":211},"90":{"loc":{"start":{"line":214,"column":6},"end":{"line":223,"column":7}},"type":"if","locations":[{"start":{"line":214,"column":6},"end":{"line":223,"column":7}},{"start":{},"end":{}}],"line":214},"91":{"loc":{"start":{"line":215,"column":29},"end":{"line":215,"column":117}},"type":"binary-expr","locations":[{"start":{"line":215,"column":30},"end":{"line":215,"column":110}},{"start":{"line":215,"column":115},"end":{"line":215,"column":117}}],"line":215},"92":{"loc":{"start":{"line":215,"column":30},"end":{"line":215,"column":110}},"type":"cond-expr","locations":[{"start":{"line":215,"column":83},"end":{"line":215,"column":89}},{"start":{"line":215,"column":92},"end":{"line":215,"column":110}}],"line":215},"93":{"loc":{"start":{"line":215,"column":30},"end":{"line":215,"column":80}},"type":"binary-expr","locations":[{"start":{"line":215,"column":30},"end":{"line":215,"column":52}},{"start":{"line":215,"column":56},"end":{"line":215,"column":80}}],"line":215},"94":{"loc":{"start":{"line":221,"column":23},"end":{"line":221,"column":45}},"type":"binary-expr","locations":[{"start":{"line":221,"column":23},"end":{"line":221,"column":36}},{"start":{"line":221,"column":40},"end":{"line":221,"column":45}}],"line":221},"95":{"loc":{"start":{"line":224,"column":6},"end":{"line":251,"column":7}},"type":"if","locations":[{"start":{"line":224,"column":6},"end":{"line":251,"column":7}},{"start":{},"end":{}}],"line":224},"96":{"loc":{"start":{"line":225,"column":26},"end":{"line":225,"column":102}},"type":"binary-expr","locations":[{"start":{"line":225,"column":27},"end":{"line":225,"column":95}},{"start":{"line":225,"column":100},"end":{"line":225,"column":102}}],"line":225},"97":{"loc":{"start":{"line":225,"column":27},"end":{"line":225,"column":95}},"type":"cond-expr","locations":[{"start":{"line":225,"column":72},"end":{"line":225,"column":78}},{"start":{"line":225,"column":81},"end":{"line":225,"column":95}}],"line":225},"98":{"loc":{"start":{"line":225,"column":27},"end":{"line":225,"column":69}},"type":"binary-expr","locations":[{"start":{"line":225,"column":27},"end":{"line":225,"column":45}},{"start":{"line":225,"column":49},"end":{"line":225,"column":69}}],"line":225},"99":{"loc":{"start":{"line":229,"column":34},"end":{"line":229,"column":131}},"type":"binary-expr","locations":[{"start":{"line":229,"column":35},"end":{"line":229,"column":124}},{"start":{"line":229,"column":129},"end":{"line":229,"column":131}}],"line":229},"100":{"loc":{"start":{"line":229,"column":35},"end":{"line":229,"column":124}},"type":"cond-expr","locations":[{"start":{"line":229,"column":94},"end":{"line":229,"column":100}},{"start":{"line":229,"column":103},"end":{"line":229,"column":124}}],"line":229},"101":{"loc":{"start":{"line":229,"column":35},"end":{"line":229,"column":91}},"type":"binary-expr","locations":[{"start":{"line":229,"column":35},"end":{"line":229,"column":60}},{"start":{"line":229,"column":64},"end":{"line":229,"column":91}}],"line":229},"102":{"loc":{"start":{"line":232,"column":11},"end":{"line":232,"column":187}},"type":"cond-expr","locations":[{"start":{"line":232,"column":128},"end":{"line":232,"column":149}},{"start":{"line":232,"column":152},"end":{"line":232,"column":187}}],"line":232},"103":{"loc":{"start":{"line":232,"column":11},"end":{"line":232,"column":125}},"type":"binary-expr","locations":[{"start":{"line":232,"column":11},"end":{"line":232,"column":89}},{"start":{"line":232,"column":93},"end":{"line":232,"column":125}}],"line":232},"104":{"loc":{"start":{"line":246,"column":18},"end":{"line":246,"column":34}},"type":"binary-expr","locations":[{"start":{"line":246,"column":18},"end":{"line":246,"column":26}},{"start":{"line":246,"column":30},"end":{"line":246,"column":34}}],"line":246},"105":{"loc":{"start":{"line":247,"column":16},"end":{"line":247,"column":28}},"type":"binary-expr","locations":[{"start":{"line":247,"column":16},"end":{"line":247,"column":22}},{"start":{"line":247,"column":26},"end":{"line":247,"column":28}}],"line":247},"106":{"loc":{"start":{"line":248,"column":21},"end":{"line":248,"column":38}},"type":"binary-expr","locations":[{"start":{"line":248,"column":21},"end":{"line":248,"column":32}},{"start":{"line":248,"column":36},"end":{"line":248,"column":38}}],"line":248},"107":{"loc":{"start":{"line":249,"column":20},"end":{"line":249,"column":49}},"type":"binary-expr","locations":[{"start":{"line":249,"column":20},"end":{"line":249,"column":43}},{"start":{"line":249,"column":47},"end":{"line":249,"column":49}}],"line":249},"108":{"loc":{"start":{"line":252,"column":6},"end":{"line":258,"column":7}},"type":"if","locations":[{"start":{"line":252,"column":6},"end":{"line":258,"column":7}},{"start":{},"end":{}}],"line":252},"109":{"loc":{"start":{"line":253,"column":24},"end":{"line":253,"column":97}},"type":"binary-expr","locations":[{"start":{"line":253,"column":25},"end":{"line":253,"column":90}},{"start":{"line":253,"column":95},"end":{"line":253,"column":97}}],"line":253},"110":{"loc":{"start":{"line":253,"column":25},"end":{"line":253,"column":90}},"type":"cond-expr","locations":[{"start":{"line":253,"column":68},"end":{"line":253,"column":74}},{"start":{"line":253,"column":77},"end":{"line":253,"column":90}}],"line":253},"111":{"loc":{"start":{"line":253,"column":25},"end":{"line":253,"column":65}},"type":"binary-expr","locations":[{"start":{"line":253,"column":25},"end":{"line":253,"column":42}},{"start":{"line":253,"column":46},"end":{"line":253,"column":65}}],"line":253},"112":{"loc":{"start":{"line":256,"column":18},"end":{"line":256,"column":34}},"type":"binary-expr","locations":[{"start":{"line":256,"column":18},"end":{"line":256,"column":26}},{"start":{"line":256,"column":30},"end":{"line":256,"column":34}}],"line":256},"113":{"loc":{"start":{"line":259,"column":6},"end":{"line":272,"column":7}},"type":"if","locations":[{"start":{"line":259,"column":6},"end":{"line":272,"column":7}},{"start":{},"end":{}}],"line":259},"114":{"loc":{"start":{"line":264,"column":18},"end":{"line":264,"column":34}},"type":"binary-expr","locations":[{"start":{"line":264,"column":18},"end":{"line":264,"column":26}},{"start":{"line":264,"column":30},"end":{"line":264,"column":34}}],"line":264},"115":{"loc":{"start":{"line":268,"column":30},"end":{"line":268,"column":87}},"type":"cond-expr","locations":[{"start":{"line":268,"column":50},"end":{"line":268,"column":83}},{"start":{"line":268,"column":86},"end":{"line":268,"column":87}}],"line":268},"116":{"loc":{"start":{"line":270,"column":26},"end":{"line":270,"column":75}},"type":"cond-expr","locations":[{"start":{"line":270,"column":42},"end":{"line":270,"column":71}},{"start":{"line":270,"column":74},"end":{"line":270,"column":75}}],"line":270},"117":{"loc":{"start":{"line":273,"column":6},"end":{"line":296,"column":7}},"type":"if","locations":[{"start":{"line":273,"column":6},"end":{"line":296,"column":7}},{"start":{},"end":{}}],"line":273},"118":{"loc":{"start":{"line":278,"column":10},"end":{"line":294,"column":11}},"type":"if","locations":[{"start":{"line":278,"column":10},"end":{"line":294,"column":11}},{"start":{"line":286,"column":17},"end":{"line":294,"column":11}}],"line":278},"119":{"loc":{"start":{"line":283,"column":26},"end":{"line":283,"column":53}},"type":"binary-expr","locations":[{"start":{"line":283,"column":26},"end":{"line":283,"column":38}},{"start":{"line":283,"column":42},"end":{"line":283,"column":53}}],"line":283},"120":{"loc":{"start":{"line":284,"column":25},"end":{"line":284,"column":52}},"type":"binary-expr","locations":[{"start":{"line":284,"column":25},"end":{"line":284,"column":37}},{"start":{"line":284,"column":41},"end":{"line":284,"column":52}}],"line":284},"121":{"loc":{"start":{"line":286,"column":17},"end":{"line":294,"column":11}},"type":"if","locations":[{"start":{"line":286,"column":17},"end":{"line":294,"column":11}},{"start":{},"end":{}}],"line":286},"122":{"loc":{"start":{"line":291,"column":26},"end":{"line":291,"column":53}},"type":"binary-expr","locations":[{"start":{"line":291,"column":26},"end":{"line":291,"column":38}},{"start":{"line":291,"column":42},"end":{"line":291,"column":53}}],"line":291},"123":{"loc":{"start":{"line":292,"column":25},"end":{"line":292,"column":52}},"type":"binary-expr","locations":[{"start":{"line":292,"column":25},"end":{"line":292,"column":37}},{"start":{"line":292,"column":41},"end":{"line":292,"column":52}}],"line":292},"124":{"loc":{"start":{"line":297,"column":6},"end":{"line":299,"column":7}},"type":"if","locations":[{"start":{"line":297,"column":6},"end":{"line":299,"column":7}},{"start":{},"end":{}}],"line":297},"125":{"loc":{"start":{"line":300,"column":6},"end":{"line":308,"column":7}},"type":"if","locations":[{"start":{"line":300,"column":6},"end":{"line":308,"column":7}},{"start":{},"end":{}}],"line":300},"126":{"loc":{"start":{"line":301,"column":38},"end":{"line":301,"column":123}},"type":"binary-expr","locations":[{"start":{"line":301,"column":39},"end":{"line":301,"column":116}},{"start":{"line":301,"column":121},"end":{"line":301,"column":123}}],"line":301},"127":{"loc":{"start":{"line":301,"column":39},"end":{"line":301,"column":116}},"type":"cond-expr","locations":[{"start":{"line":301,"column":90},"end":{"line":301,"column":96}},{"start":{"line":301,"column":99},"end":{"line":301,"column":116}}],"line":301},"128":{"loc":{"start":{"line":301,"column":39},"end":{"line":301,"column":87}},"type":"binary-expr","locations":[{"start":{"line":301,"column":39},"end":{"line":301,"column":60}},{"start":{"line":301,"column":64},"end":{"line":301,"column":87}}],"line":301},"129":{"loc":{"start":{"line":306,"column":18},"end":{"line":306,"column":34}},"type":"binary-expr","locations":[{"start":{"line":306,"column":18},"end":{"line":306,"column":26}},{"start":{"line":306,"column":30},"end":{"line":306,"column":34}}],"line":306},"130":{"loc":{"start":{"line":309,"column":6},"end":{"line":318,"column":7}},"type":"if","locations":[{"start":{"line":309,"column":6},"end":{"line":318,"column":7}},{"start":{},"end":{}}],"line":309},"131":{"loc":{"start":{"line":310,"column":30},"end":{"line":310,"column":121}},"type":"binary-expr","locations":[{"start":{"line":310,"column":31},"end":{"line":310,"column":114}},{"start":{"line":310,"column":119},"end":{"line":310,"column":121}}],"line":310},"132":{"loc":{"start":{"line":310,"column":31},"end":{"line":310,"column":114}},"type":"cond-expr","locations":[{"start":{"line":310,"column":86},"end":{"line":310,"column":92}},{"start":{"line":310,"column":95},"end":{"line":310,"column":114}}],"line":310},"133":{"loc":{"start":{"line":310,"column":31},"end":{"line":310,"column":83}},"type":"binary-expr","locations":[{"start":{"line":310,"column":31},"end":{"line":310,"column":54}},{"start":{"line":310,"column":58},"end":{"line":310,"column":83}}],"line":310},"134":{"loc":{"start":{"line":325,"column":29},"end":{"line":325,"column":58}},"type":"default-arg","locations":[{"start":{"line":325,"column":40},"end":{"line":325,"column":58}}],"line":325},"135":{"loc":{"start":{"line":331,"column":57},"end":{"line":331,"column":68}},"type":"default-arg","locations":[{"start":{"line":331,"column":66},"end":{"line":331,"column":68}}],"line":331},"136":{"loc":{"start":{"line":332,"column":8},"end":{"line":332,"column":35}},"type":"if","locations":[{"start":{"line":332,"column":8},"end":{"line":332,"column":35}},{"start":{},"end":{}}],"line":332},"137":{"loc":{"start":{"line":334,"column":8},"end":{"line":349,"column":9}},"type":"if","locations":[{"start":{"line":334,"column":8},"end":{"line":349,"column":9}},{"start":{"line":336,"column":15},"end":{"line":349,"column":9}}],"line":334},"138":{"loc":{"start":{"line":338,"column":10},"end":{"line":340,"column":11}},"type":"if","locations":[{"start":{"line":338,"column":10},"end":{"line":340,"column":11}},{"start":{},"end":{}}],"line":338},"139":{"loc":{"start":{"line":341,"column":10},"end":{"line":343,"column":11}},"type":"if","locations":[{"start":{"line":341,"column":10},"end":{"line":343,"column":11}},{"start":{},"end":{}}],"line":341},"140":{"loc":{"start":{"line":347,"column":28},"end":{"line":347,"column":38}},"type":"binary-expr","locations":[{"start":{"line":347,"column":28},"end":{"line":347,"column":32}},{"start":{"line":347,"column":36},"end":{"line":347,"column":38}}],"line":347},"141":{"loc":{"start":{"line":354,"column":27},"end":{"line":354,"column":60}},"type":"cond-expr","locations":[{"start":{"line":354,"column":36},"end":{"line":354,"column":55}},{"start":{"line":354,"column":58},"end":{"line":354,"column":60}}],"line":354},"142":{"loc":{"start":{"line":355,"column":8},"end":{"line":374,"column":9}},"type":"if","locations":[{"start":{"line":355,"column":8},"end":{"line":374,"column":9}},{"start":{"line":370,"column":15},"end":{"line":374,"column":9}}],"line":355},"143":{"loc":{"start":{"line":360,"column":14},"end":{"line":363,"column":15}},"type":"if","locations":[{"start":{"line":360,"column":14},"end":{"line":363,"column":15}},{"start":{},"end":{}}],"line":360},"144":{"loc":{"start":{"line":365,"column":12},"end":{"line":368,"column":13}},"type":"if","locations":[{"start":{"line":365,"column":12},"end":{"line":368,"column":13}},{"start":{},"end":{}}],"line":365},"145":{"loc":{"start":{"line":380,"column":10},"end":{"line":382,"column":11}},"type":"if","locations":[{"start":{"line":380,"column":10},"end":{"line":382,"column":11}},{"start":{},"end":{}}],"line":380},"146":{"loc":{"start":{"line":385,"column":25},"end":{"line":385,"column":90}},"type":"binary-expr","locations":[{"start":{"line":385,"column":25},"end":{"line":385,"column":32}},{"start":{"line":385,"column":36},"end":{"line":385,"column":63}},{"start":{"line":385,"column":67},"end":{"line":385,"column":90}}],"line":385},"147":{"loc":{"start":{"line":386,"column":10},"end":{"line":399,"column":11}},"type":"if","locations":[{"start":{"line":386,"column":10},"end":{"line":399,"column":11}},{"start":{"line":392,"column":17},"end":{"line":399,"column":11}}],"line":386},"148":{"loc":{"start":{"line":386,"column":14},"end":{"line":386,"column":31}},"type":"binary-expr","locations":[{"start":{"line":386,"column":14},"end":{"line":386,"column":21}},{"start":{"line":386,"column":25},"end":{"line":386,"column":31}}],"line":386},"149":{"loc":{"start":{"line":387,"column":12},"end":{"line":391,"column":13}},"type":"if","locations":[{"start":{"line":387,"column":12},"end":{"line":391,"column":13}},{"start":{"line":389,"column":19},"end":{"line":391,"column":13}}],"line":387},"150":{"loc":{"start":{"line":402,"column":24},"end":{"line":402,"column":38}},"type":"binary-expr","locations":[{"start":{"line":402,"column":24},"end":{"line":402,"column":32}},{"start":{"line":402,"column":36},"end":{"line":402,"column":38}}],"line":402},"151":{"loc":{"start":{"line":403,"column":10},"end":{"line":405,"column":11}},"type":"if","locations":[{"start":{"line":403,"column":10},"end":{"line":405,"column":11}},{"start":{},"end":{}}],"line":403},"152":{"loc":{"start":{"line":408,"column":8},"end":{"line":408,"column":96}},"type":"if","locations":[{"start":{"line":408,"column":8},"end":{"line":408,"column":96}},{"start":{},"end":{}}],"line":408},"153":{"loc":{"start":{"line":409,"column":8},"end":{"line":409,"column":85}},"type":"if","locations":[{"start":{"line":409,"column":8},"end":{"line":409,"column":85}},{"start":{},"end":{}}],"line":409},"154":{"loc":{"start":{"line":410,"column":8},"end":{"line":410,"column":85}},"type":"if","locations":[{"start":{"line":410,"column":8},"end":{"line":410,"column":85}},{"start":{},"end":{}}],"line":410},"155":{"loc":{"start":{"line":416,"column":6},"end":{"line":435,"column":7}},"type":"if","locations":[{"start":{"line":416,"column":6},"end":{"line":435,"column":7}},{"start":{},"end":{}}],"line":416},"156":{"loc":{"start":{"line":422,"column":17},"end":{"line":422,"column":40}},"type":"binary-expr","locations":[{"start":{"line":422,"column":17},"end":{"line":422,"column":24}},{"start":{"line":422,"column":28},"end":{"line":422,"column":40}}],"line":422},"157":{"loc":{"start":{"line":423,"column":18},"end":{"line":423,"column":66}},"type":"cond-expr","locations":[{"start":{"line":423,"column":44},"end":{"line":423,"column":53}},{"start":{"line":423,"column":56},"end":{"line":423,"column":66}}],"line":423},"158":{"loc":{"start":{"line":424,"column":24},"end":{"line":424,"column":45}},"type":"binary-expr","locations":[{"start":{"line":424,"column":24},"end":{"line":424,"column":37}},{"start":{"line":424,"column":41},"end":{"line":424,"column":45}}],"line":424},"159":{"loc":{"start":{"line":425,"column":25},"end":{"line":425,"column":47}},"type":"binary-expr","locations":[{"start":{"line":425,"column":25},"end":{"line":425,"column":39}},{"start":{"line":425,"column":43},"end":{"line":425,"column":47}}],"line":425},"160":{"loc":{"start":{"line":426,"column":21},"end":{"line":426,"column":39}},"type":"binary-expr","locations":[{"start":{"line":426,"column":21},"end":{"line":426,"column":31}},{"start":{"line":426,"column":35},"end":{"line":426,"column":39}}],"line":426},"161":{"loc":{"start":{"line":428,"column":24},"end":{"line":428,"column":42}},"type":"binary-expr","locations":[{"start":{"line":428,"column":24},"end":{"line":428,"column":37}},{"start":{"line":428,"column":41},"end":{"line":428,"column":42}}],"line":428},"162":{"loc":{"start":{"line":430,"column":25},"end":{"line":430,"column":56}},"type":"binary-expr","locations":[{"start":{"line":430,"column":25},"end":{"line":430,"column":39}},{"start":{"line":430,"column":43},"end":{"line":430,"column":56}}],"line":430},"163":{"loc":{"start":{"line":431,"column":18},"end":{"line":431,"column":35}},"type":"binary-expr","locations":[{"start":{"line":431,"column":18},"end":{"line":431,"column":26}},{"start":{"line":431,"column":30},"end":{"line":431,"column":35}}],"line":431},"164":{"loc":{"start":{"line":432,"column":18},"end":{"line":432,"column":34}},"type":"binary-expr","locations":[{"start":{"line":432,"column":18},"end":{"line":432,"column":26}},{"start":{"line":432,"column":30},"end":{"line":432,"column":34}}],"line":432},"165":{"loc":{"start":{"line":433,"column":17},"end":{"line":433,"column":37}},"type":"binary-expr","locations":[{"start":{"line":433,"column":17},"end":{"line":433,"column":24}},{"start":{"line":433,"column":28},"end":{"line":433,"column":37}}],"line":433},"166":{"loc":{"start":{"line":438,"column":6},"end":{"line":456,"column":7}},"type":"if","locations":[{"start":{"line":438,"column":6},"end":{"line":456,"column":7}},{"start":{},"end":{}}],"line":438},"167":{"loc":{"start":{"line":443,"column":18},"end":{"line":443,"column":60}},"type":"cond-expr","locations":[{"start":{"line":443,"column":40},"end":{"line":443,"column":49}},{"start":{"line":443,"column":52},"end":{"line":443,"column":60}}],"line":443},"168":{"loc":{"start":{"line":445,"column":20},"end":{"line":445,"column":38}},"type":"binary-expr","locations":[{"start":{"line":445,"column":20},"end":{"line":445,"column":30}},{"start":{"line":445,"column":34},"end":{"line":445,"column":38}}],"line":445},"169":{"loc":{"start":{"line":448,"column":24},"end":{"line":448,"column":63}},"type":"binary-expr","locations":[{"start":{"line":448,"column":24},"end":{"line":448,"column":37}},{"start":{"line":448,"column":41},"end":{"line":448,"column":55}},{"start":{"line":448,"column":59},"end":{"line":448,"column":63}}],"line":448},"170":{"loc":{"start":{"line":450,"column":19},"end":{"line":450,"column":34}},"type":"binary-expr","locations":[{"start":{"line":450,"column":19},"end":{"line":450,"column":28}},{"start":{"line":450,"column":32},"end":{"line":450,"column":34}}],"line":450},"171":{"loc":{"start":{"line":451,"column":23},"end":{"line":451,"column":42}},"type":"binary-expr","locations":[{"start":{"line":451,"column":23},"end":{"line":451,"column":36}},{"start":{"line":451,"column":40},"end":{"line":451,"column":42}}],"line":451},"172":{"loc":{"start":{"line":452,"column":18},"end":{"line":452,"column":34}},"type":"binary-expr","locations":[{"start":{"line":452,"column":18},"end":{"line":452,"column":26}},{"start":{"line":452,"column":30},"end":{"line":452,"column":34}}],"line":452},"173":{"loc":{"start":{"line":453,"column":20},"end":{"line":453,"column":38}},"type":"binary-expr","locations":[{"start":{"line":453,"column":20},"end":{"line":453,"column":30}},{"start":{"line":453,"column":34},"end":{"line":453,"column":38}}],"line":453},"174":{"loc":{"start":{"line":459,"column":6},"end":{"line":468,"column":7}},"type":"if","locations":[{"start":{"line":459,"column":6},"end":{"line":468,"column":7}},{"start":{},"end":{}}],"line":459},"175":{"loc":{"start":{"line":463,"column":18},"end":{"line":463,"column":34}},"type":"binary-expr","locations":[{"start":{"line":463,"column":18},"end":{"line":463,"column":26}},{"start":{"line":463,"column":30},"end":{"line":463,"column":34}}],"line":463},"176":{"loc":{"start":{"line":464,"column":23},"end":{"line":464,"column":45}},"type":"binary-expr","locations":[{"start":{"line":464,"column":23},"end":{"line":464,"column":36}},{"start":{"line":464,"column":40},"end":{"line":464,"column":45}}],"line":464},"177":{"loc":{"start":{"line":465,"column":23},"end":{"line":465,"column":64}},"type":"binary-expr","locations":[{"start":{"line":465,"column":23},"end":{"line":465,"column":36}},{"start":{"line":465,"column":40},"end":{"line":465,"column":64}}],"line":465},"178":{"loc":{"start":{"line":466,"column":22},"end":{"line":466,"column":62}},"type":"binary-expr","locations":[{"start":{"line":466,"column":22},"end":{"line":466,"column":34}},{"start":{"line":466,"column":38},"end":{"line":466,"column":62}}],"line":466},"179":{"loc":{"start":{"line":471,"column":6},"end":{"line":481,"column":7}},"type":"if","locations":[{"start":{"line":471,"column":6},"end":{"line":481,"column":7}},{"start":{},"end":{}}],"line":471},"180":{"loc":{"start":{"line":478,"column":19},"end":{"line":478,"column":36}},"type":"binary-expr","locations":[{"start":{"line":478,"column":19},"end":{"line":478,"column":28}},{"start":{"line":478,"column":32},"end":{"line":478,"column":36}}],"line":478},"181":{"loc":{"start":{"line":484,"column":6},"end":{"line":495,"column":7}},"type":"if","locations":[{"start":{"line":484,"column":6},"end":{"line":495,"column":7}},{"start":{},"end":{}}],"line":484},"182":{"loc":{"start":{"line":491,"column":18},"end":{"line":491,"column":34}},"type":"binary-expr","locations":[{"start":{"line":491,"column":18},"end":{"line":491,"column":26}},{"start":{"line":491,"column":30},"end":{"line":491,"column":34}}],"line":491},"183":{"loc":{"start":{"line":492,"column":16},"end":{"line":492,"column":28}},"type":"binary-expr","locations":[{"start":{"line":492,"column":16},"end":{"line":492,"column":22}},{"start":{"line":492,"column":26},"end":{"line":492,"column":28}}],"line":492},"184":{"loc":{"start":{"line":493,"column":21},"end":{"line":493,"column":38}},"type":"binary-expr","locations":[{"start":{"line":493,"column":21},"end":{"line":493,"column":32}},{"start":{"line":493,"column":36},"end":{"line":493,"column":38}}],"line":493},"185":{"loc":{"start":{"line":498,"column":6},"end":{"line":504,"column":7}},"type":"if","locations":[{"start":{"line":498,"column":6},"end":{"line":504,"column":7}},{"start":{},"end":{}}],"line":498},"186":{"loc":{"start":{"line":502,"column":18},"end":{"line":502,"column":34}},"type":"binary-expr","locations":[{"start":{"line":502,"column":18},"end":{"line":502,"column":26}},{"start":{"line":502,"column":30},"end":{"line":502,"column":34}}],"line":502},"187":{"loc":{"start":{"line":507,"column":6},"end":{"line":530,"column":7}},"type":"if","locations":[{"start":{"line":507,"column":6},"end":{"line":530,"column":7}},{"start":{},"end":{}}],"line":507},"188":{"loc":{"start":{"line":512,"column":18},"end":{"line":512,"column":34}},"type":"binary-expr","locations":[{"start":{"line":512,"column":18},"end":{"line":512,"column":26}},{"start":{"line":512,"column":30},"end":{"line":512,"column":34}}],"line":512},"189":{"loc":{"start":{"line":519,"column":10},"end":{"line":519,"column":44}},"type":"if","locations":[{"start":{"line":519,"column":10},"end":{"line":519,"column":44}},{"start":{},"end":{}}],"line":519},"190":{"loc":{"start":{"line":542,"column":6},"end":{"line":542,"column":107}},"type":"if","locations":[{"start":{"line":542,"column":6},"end":{"line":542,"column":107}},{"start":{},"end":{}}],"line":542},"191":{"loc":{"start":{"line":543,"column":6},"end":{"line":543,"column":113}},"type":"if","locations":[{"start":{"line":543,"column":6},"end":{"line":543,"column":113}},{"start":{},"end":{}}],"line":543},"192":{"loc":{"start":{"line":546,"column":6},"end":{"line":589,"column":7}},"type":"if","locations":[{"start":{"line":546,"column":6},"end":{"line":589,"column":7}},{"start":{},"end":{}}],"line":546},"193":{"loc":{"start":{"line":551,"column":10},"end":{"line":559,"column":11}},"type":"if","locations":[{"start":{"line":551,"column":10},"end":{"line":559,"column":11}},{"start":{"line":553,"column":17},"end":{"line":559,"column":11}}],"line":551},"194":{"loc":{"start":{"line":557,"column":27},"end":{"line":557,"column":37}},"type":"binary-expr","locations":[{"start":{"line":557,"column":27},"end":{"line":557,"column":31}},{"start":{"line":557,"column":35},"end":{"line":557,"column":37}}],"line":557},"195":{"loc":{"start":{"line":571,"column":20},"end":{"line":571,"column":36}},"type":"binary-expr","locations":[{"start":{"line":571,"column":20},"end":{"line":571,"column":28}},{"start":{"line":571,"column":32},"end":{"line":571,"column":36}}],"line":571},"196":{"loc":{"start":{"line":577,"column":12},"end":{"line":583,"column":13}},"type":"if","locations":[{"start":{"line":577,"column":12},"end":{"line":583,"column":13}},{"start":{},"end":{}}],"line":577},"197":{"loc":{"start":{"line":577,"column":16},"end":{"line":577,"column":76}},"type":"binary-expr","locations":[{"start":{"line":577,"column":16},"end":{"line":577,"column":41}},{"start":{"line":577,"column":45},"end":{"line":577,"column":76}}],"line":577},"198":{"loc":{"start":{"line":585,"column":10},"end":{"line":587,"column":11}},"type":"if","locations":[{"start":{"line":585,"column":10},"end":{"line":587,"column":11}},{"start":{},"end":{}}],"line":585},"199":{"loc":{"start":{"line":597,"column":6},"end":{"line":599,"column":7}},"type":"if","locations":[{"start":{"line":597,"column":6},"end":{"line":599,"column":7}},{"start":{},"end":{}}],"line":597}},"s":{"0":1,"1":1,"2":1,"3":1,"4":0,"5":1,"6":1,"7":2,"8":2,"9":29,"10":2,"11":1,"12":1,"13":1,"14":1,"15":1,"16":1,"17":1,"18":1,"19":1,"20":1,"21":1,"22":1,"23":1,"24":1,"25":1,"26":1,"27":1,"28":1,"29":1,"30":1,"31":1,"32":1,"33":1,"34":1,"35":1,"36":1,"37":1,"38":1,"39":1,"40":1,"41":1,"42":1,"43":1,"44":1,"45":1,"46":0,"47":1,"48":1,"49":1,"50":0,"51":1,"52":1,"53":1,"54":0,"55":0,"56":0,"57":0,"58":0,"59":1,"60":1,"61":0,"62":1,"63":1,"64":0,"65":1,"66":1,"67":1,"68":1,"69":1,"70":0,"71":1,"72":1,"73":1,"74":1,"75":1,"76":0,"77":1,"78":1,"79":1,"80":1,"81":1,"82":1,"83":1,"84":0,"85":1,"86":1,"87":1,"88":1,"89":1,"90":0,"91":0,"92":0,"93":0,"94":1,"95":1,"96":1,"97":1,"98":0,"99":1,"100":1,"101":0,"102":1,"103":1,"104":1,"105":3,"106":3,"107":3,"108":2,"109":0,"110":2,"111":2,"112":0,"113":2,"114":2,"115":2,"116":0,"117":2,"118":0,"119":2,"120":1,"121":1,"122":1,"123":1,"124":1,"125":1,"126":0,"127":0,"128":0,"129":0,"130":0,"131":0,"132":0,"133":0,"134":0,"135":0,"136":1,"137":0,"138":1,"139":1,"140":1,"141":1,"142":1,"143":2,"144":2,"145":2,"146":2,"147":0,"148":0,"149":0,"150":2,"151":2,"152":1,"153":1,"154":0,"155":0,"156":1,"157":1,"158":0,"159":1,"160":0,"161":1,"162":1,"163":1,"164":3,"165":3,"166":0,"167":0,"168":3,"169":0,"170":0,"171":3,"172":0,"173":0,"174":3,"175":0,"176":0,"177":3,"178":0,"179":0,"180":3,"181":2,"182":3,"183":3,"184":0,"185":0,"186":0,"187":0,"188":0,"189":0,"190":0,"191":0,"192":0,"193":0,"194":3,"195":0,"196":0,"197":3,"198":0,"199":3,"200":0,"201":3,"202":0,"203":0,"204":0,"205":0,"206":0,"207":0,"208":0,"209":0,"210":0,"211":0,"212":0,"213":0,"214":0,"215":0,"216":0,"217":0,"218":0,"219":0,"220":0,"221":0,"222":0,"223":3,"224":2,"225":2,"226":2,"227":2,"228":2,"229":2},"f":{"0":0,"1":2,"2":29,"3":0,"4":0,"5":0,"6":0,"7":0,"8":1,"9":0,"10":1,"11":1,"12":0,"13":0,"14":0,"15":3,"16":2,"17":0,"18":0,"19":0,"20":0,"21":0,"22":0,"23":3,"24":0,"25":0,"26":0,"27":0,"28":0,"29":0},"b":{"0":[0,0,0,0,0,0],"1":[0],"2":[2],"3":[29,0],"4":[2,0],"5":[1,0],"6":[1,0],"7":[1,0],"8":[1,0],"9":[1,0],"10":[1,0],"11":[1,0],"12":[1,0],"13":[1,0],"14":[1,0],"15":[1,0],"16":[1,0],"17":[1,0],"18":[1,0],"19":[1,0],"20":[1,0],"21":[0,1],"22":[1,1],"23":[1,0],"24":[0,1],"25":[1,1],"26":[1,0],"27":[0,1],"28":[1,1],"29":[1,0],"30":[0,1],"31":[1,1],"32":[1,0],"33":[0,1],"34":[1,1],"35":[0,0],"36":[0,0],"37":[1,0],"38":[0,1],"39":[1,1],"40":[0,0],"41":[0,0],"42":[1,0],"43":[1,0],"44":[0,1],"45":[1,1],"46":[0,0],"47":[0,0],"48":[0,0],"49":[0,0],"50":[0,0],"51":[0,0],"52":[0,0],"53":[0,0],"54":[0,0],"55":[0,0],"56":[0,0],"57":[0,0],"58":[0,0],"59":[0,0],"60":[0,0],"61":[0,0],"62":[0,0],"63":[0,0],"64":[0,0],"65":[1,0],"66":[1,0],"67":[0,1],"68":[1,1],"69":[1,0],"70":[1,0],"71":[0,1],"72":[1,1],"73":[1,0],"74":[1,0],"75":[0,1],"76":[1,1],"77":[1,0],"78":[0,1],"79":[0,1],"80":[0,1],"81":[0,1],"82":[1,0],"83":[1,1],"84":[1,0],"85":[1,1],"86":[1,1],"87":[1,1],"88":[1,1],"89":[1,1],"90":[1,0],"91":[1,0],"92":[0,1],"93":[1,1],"94":[0,0],"95":[1,0],"96":[1,0],"97":[0,1],"98":[1,1],"99":[1,0],"100":[0,1],"101":[1,1],"102":[0,0],"103":[0,0],"104":[1,1],"105":[1,1],"106":[1,1],"107":[1,1],"108":[1,0],"109":[1,0],"110":[0,1],"111":[1,1],"112":[1,0],"113":[1,0],"114":[0,0],"115":[0,1],"116":[1,0],"117":[1,0],"118":[0,0],"119":[0,0],"120":[0,0],"121":[0,0],"122":[0,0],"123":[0,0],"124":[1,0],"125":[1,0],"126":[1,0],"127":[0,1],"128":[1,1],"129":[0,0],"130":[1,0],"131":[1,0],"132":[0,1],"133":[1,1],"134":[0],"135":[2],"136":[0,2],"137":[0,2],"138":[2,0],"139":[0,2],"140":[1,0],"141":[1,0],"142":[0,1],"143":[0,0],"144":[0,0],"145":[2,0],"146":[2,2,2],"147":[0,2],"148":[2,2],"149":[0,0],"150":[1,0],"151":[0,0],"152":[0,1],"153":[0,1],"154":[1,0],"155":[0,3],"156":[0,0],"157":[0,0],"158":[0,0],"159":[0,0],"160":[0,0],"161":[0,0],"162":[0,0],"163":[0,0],"164":[0,0],"165":[0,0],"166":[0,3],"167":[0,0],"168":[0,0],"169":[0,0,0],"170":[0,0],"171":[0,0],"172":[0,0],"173":[0,0],"174":[0,3],"175":[0,0],"176":[0,0],"177":[0,0],"178":[0,0],"179":[0,3],"180":[0,0],"181":[0,3],"182":[0,0],"183":[0,0],"184":[0,0],"185":[2,1],"186":[3,1],"187":[0,3],"188":[0,0],"189":[0,0],"190":[0,3],"191":[0,3],"192":[0,3],"193":[0,0],"194":[0,0],"195":[0,0],"196":[0,0],"197":[0,0],"198":[0,0],"199":[2,0]},"inputSourceMap":{"version":3,"names":["_supabase","require","isMapLink","url","Boolean","includes","exports","StoreService","getStore","supabase","defaultSupabase","tables","shouldFetch","name","eventsPromise","from","select","order","ascending","Promise","resolve","data","notesPromise","commitmentsPromise","victoriesPromise","settingsPromise","eq","single","listeningPromise","tasksPromise","wishlistPromise","objectivesPromise","contribPromise","reactionsPromise","activityPromise","limit","habitsPromise","allocationsPromise","eventCommentsPromise","timeZoneOffset","Date","getTimezoneOffset","localDate","now","todayStr","toISOString","split","yesterdayDate","getTime","yesterdayStr","trackingPromise","in","eventsRes","notesRes","commitmentsRes","victoriesRes","settingsRes","listeningRes","tasksRes","wishlistRes","objectivesRes","contribRes","reactionsRes","activityRes","habitsRes","allocationsRes","eventCommentsRes","trackingRes","all","settings","connection_date","last_update","trackingDays","Math","floor","formattedDate","Intl","DateTimeFormat","dateStyle","timeStyle","format","finalCommitments","trackingData","trackingByDate","t","date","todayTracking","yesterdayTracking","allVictories","allContributions","contribsByWishlistId","c","_c$wishlist_item_id","_contribsByWishlistId","wishlist_item_id","push","allReactions","reactionsByWishlistId","r","_r$wishlist_item_id","_reactionsByWishlistI","result","wishlist","map","w","itemContribs","id","itemReactions","category","title","description","state","author","owner","undefined","locationUrl","location_url","external_link","externalLink","imageUrl","image_url","price","savedAmount","saved_amount","isPriority","is_priority","goalCategory","goal_category","shared","reactions","wishlistItemId","reactor","type","contributions","contributor","amount","note","createdAt","created_at","wishlistActivity","a","actor","action","detail","healthHabits","h","profile","habitType","habit_type","cost","severity","tasks","text","status","priority","estimated_time","actual_time","objective_id","due_date","updated_at","actions","validations","assignee","objectives","o","last_active","is_complete","rawEvents","commentsByEventId","eventCommentsData","_c$event_id","_commentsByEventId$_c","event_id","eventId","events","e","tags","comments","notes","n","commitments","completed","is_active","dailyProgress","yesterdayTotal","length","yesterdayCompleted","completed_count","todayTotal","todayCompleted","victoriesEl","victoriesElla","v","lastPulseAt","last_pulse_at","persistentListening","l","topic","reflection","allocations","error","console","Error","updateStore","newData","tableCache","Map","syncTable","tableName","incomingItems","filter","existingRecords","has","get","cols","Set","Object","keys","forEach","k","add","Array","join","set","existing","existingIds","filterKeys","item","match","key","toUpsert","toInsert","incomingIds","uuidRegex","isUuid","test","_id","rest","toDelete","ops","delete","upsert","insert","syncPromises","objectiveId","handleVictories","victories","plData","existingRows","existingTopics","notificationsToInsert","target_profile","message","appSettingsUpdate","update"],"sources":["storeService.ts"],"sourcesContent":["import { supabase as defaultSupabase } from '@/lib/supabase';\nimport { SupabaseClient } from '@supabase/supabase-js';\n\nexport type TaskStatus = 'todo' | 'in_progress' | 'done' | 'skipped';\nexport type TaskCategory = 'work' | 'home' | 'personal';\n\nexport interface ChecklistItem {\n    id: string;\n    text: string;\n    checked: boolean;\n}\n\nexport interface Task {\n    id: string;\n    text: string;\n    status: TaskStatus;\n    category: TaskCategory;\n    priority?: 'low' | 'medium' | 'high';\n    estimated_time: number;\n    actual_time: number;\n    objective_id?: string;\n    due_date?: string;\n    updated_at?: string;\n    actions?: ChecklistItem[];\n    validations?: ChecklistItem[];\n    detail?: string;\n    assignee?: 'el' | 'ella';\n}\n\nexport interface Objective {\n    id: string;\n    title: string;\n    author: string;\n    last_active: string;\n    created_at: string;\n    is_complete?: boolean;\n}\n\nexport interface Allocation {\n    id: string;\n    amount: number;\n    description: string;\n    category: string;\n    date: string;\n}\n\nexport type WishlistState = 'DISCOVERED' | 'SAVING' | 'READY_TO_DEPLOY' | 'COMPLETED' | 'ARCHIVED';\nexport type GoalCategory = 'Food' | 'Travel' | 'Gaming' | 'Tech' | '
[...]
H,oBAAoB,CAAAE,mBAAA,GAACD,CAAC,CAACG,gBAAgB,CAAC,cAAAD,qBAAA,cAAAA,qBAAA,GAAxCH,oBAAoB,CAAAE,mBAAA,CAAoB,GAAK,EAAE,EAAEG,IAAI,CAACJ,CAAC,CAAC;MAC7D;MAEA,MAAMK,YAAY,GAAI,CAAAlC,YAAY,aAAZA,YAAY,uBAAZA,YAAY,CAAEzC,IAAI,KAAI,EAAsF;MAClI;MACA,MAAM4E,qBAAsH,GAAG,CAAC,CAAC;MACjI,KAAK,MAAMC,CAAC,IAAIF,YAAY,EAAE;QAAA,IAAAG,mBAAA,EAAAC,qBAAA;QAC1B,EAAAA,qBAAA,GAACH,qBAAqB,CAAAE,mBAAA,GAACD,CAAC,CAACJ,gBAAgB,CAAC,cAAAM,qBAAA,cAAAA,qBAAA,GAAzCH,qBAAqB,CAAAE,mBAAA,CAAoB,GAAK,EAAE,EAAEJ,IAAI,CAACG,CAAC,CAAC;MAC9D;MAIA,MAAMG,MAAwB,GAAG,CAAC,CAAC;MAEnC,IAAIzF,WAAW,CAAC,UAAU,CAAC,EAAE;QACzByF,MAAM,CAACC,QAAQ,GAAG,CAAC,CAAA3C,WAAW,aAAXA,WAAW,uBAAXA,WAAW,CAAEtC,IAAI,KAAI,EAAE,EAAEkF,GAAG,CAACC,CAAC,IAAI;UACjD,MAAMC,YAAY,GAAGf,oBAAoB,CAACc,CAAC,CAACE,EAAE,CAAC,IAAI,EAAE;UACrD,MAAMC,aAAa,GAAGV,qBAAqB,CAACO,CAAC,CAACE,EAAE,CAAC,IAAI,EAAE;UACvD,OAAO;YACHA,EAAE,EAAEF,CAAC,CAACE,EAAE;YACRE,QAAQ,EAAEJ,CAAC,CAACI,QAAQ,IAAI,QAAQ;YAChCC,KAAK,EAAEL,CAAC,CAACK,KAAK;YACdC,WAAW,EAAEN,CAAC,CAACM,WAAW,IAAI,EAAE;YAChCC,KAAK,EAAEP,CAAC,CAACO,KAAK,IAAI,YAAY;YAC9BC,MAAM,EAAER,CAAC,CAACQ,MAAM,IAAI,IAAI;YACxBC,KAAK,EAAET,CAAC,CAACS,KAAK,IAAIC,SAAS;YAC3BC,WAAW,EAAEX,CAAC,CAACY,YAAY,KAAKlH,SAAS,CAACsG,CAAC,CAACa,aAAa,CAAC,GAAGb,CAAC,CAACa,aAAa,GAAGH,SAAS,CAAC;YACzFI,YAAY,EAAEpH,SAAS,CAACsG,CAAC,CAACa,aAAa,CAAC,IAAI,CAACb,CAAC,CAACY,YAAY,GAAGF,SAAS,GAAIV,CAAC,CAACa,aAAa,IAAIH,SAAU;YACxGK,QAAQ,EAAEf,CAAC,CAACgB,SAAS,IAAIN,SAAS;YAClCO,KAAK,EAAEjB,CAAC,CAACiB,KAAK,IAAI,CAAC;YACnBC,WAAW,EAAElB,CAAC,CAACmB,YAAY,IAAI,CAAC;YAChCC,UAAU,EAAEpB,CAAC,CAACqB,WAAW,IAAI,KAAK;YAClCC,YAAY,EAAEtB,CAAC,CAACuB,aAAa,IAAI,aAAa;YAC9CC,MAAM,EAAExB,CAAC,CAACwB,MAAM,IAAI,KAAK;YACzBC,SAAS,EAAEtB,aAAa,CAACJ,GAAG,CAAEL,CAAgF,KAAM;cAAEQ,EAAE,EAAER,CAAC,CAACQ,EAAE;cAAEwB,cAAc,EAAEhC,CAAC,CAACJ,gBAAgB;cAAEqC,OAAO,EAAEjC,CAAC,CAACiC,OAAO;cAAEC,IAAI,EAAElC,CAAC,CAACkC;YAAK,CAAC,CAAC,CAAC;YACxMC,aAAa,EAAE5B,YAAY,CAACF,GAAG,CAAEZ,CAAmH,KAAM;cAAEe,EAAE,EAAEf,CAAC,CAACe,EAAE;cAAEwB,cAAc,EAAEvC,CAAC,CAACG,gBAAgB;cAAEwC,WAAW,EAAE3C,CAAC,CAAC2C,WAAW;cAAEC,MAAM,EAAE5C,CAAC,CAAC4C,MAAM;cAAEC,IAAI,EAAE7C,CAAC,CAAC6C,IAAI;cAAEC,SAAS,EAAE9C,CAAC,CAAC+C;YAAW,CAAC,CAAC,CAAC;YACjSD,SAAS,EAAEjC,CAAC,CAACkC,UAAU,IAAIxB;UAC/B,CAAC;QACL,CAAC,CAAC;MACN;MAEA,IAAItG,WAAW,CAAC,mBAAmB,CAAC,EAAE;QAClCyF,MAAM,CAACsC,gBAAgB,GAAG,CAAC,CAAA5E,WAAW,aAAXA,WAAW,uBAAXA,WAAW,CAAE1C,IAAI,KAAI,EAAE,EAAEkF,GAAG,CAAEqC,CAA+G,KAAM;UAAElC,EAAE,EAAEkC,CAAC,CAAClC,EAAE;UAAEwB,cAAc,EAAEU,CAAC,CAAC9C,gBAAgB;UAAE+C,KAAK,EAAED,CAAC,CAACC,KAAK;UAAEC,MAAM,EAAEF,CAAC,CAACE,MAAM;UAAEC,MAAM,EAAEH,CAAC,CAACG,MAAM;UAAEN,SAAS,EAAEG,CAAC,CAACF;QAAW,CAAC,CAAC,CAAC;MACjT;MAEA,IAAI9H,WAAW,CAAC,eAAe,CAAC,EAAE;QAC9ByF,MAAM,CAAC2C,YAAY,GAAG,CAAC,CAAAhF,SAAS,aAATA,SAAS,uBAATA,SAAS,CAAE3C,IAAI,KAAI,EAAE,EAAEkF,GAAG,CAAE0C,CAA0J,KAAM;UAC/MvC,EAAE,EAAEuC,CAAC,CAACvC,EAAE;UACRwC,OAAO,EAAED,CAAC,CAACC,OAAO;UAClB7D,IAAI,EAAE4D,CAAC,CAAC5D,IAAI;UACZ8D,SAAS,EAAEF,CAAC,CAACG,UAA6B;UAC1CC,IAAI,EAAEJ,CAAC,CAACI,IAAI;UACZC,QAAQ,EAAEL,CAAC,CAACK,QAAQ;UACpBd,IAAI,EAAES,CAAC,CAACT,IAAI;UACZC,SAAS,EAAEQ,CAAC,CAACP;QACjB,CAAC,CAAC,CAAC;MACP;MAEA,IAAI9H,WAAW,CAAC,OAAO,CAAC,EAAE;QACtByF,MAAM,CAACkD,KAAK,GAAG,CAAC,CAAA7F,QAAQ,aAARA,QAAQ,uBAARA,QAAQ,CAAErC,IAAI,KAAI,EAAE,EAAEkF,GAAG,CAAEnB,CAAC,KAAM;UAC9CsB,EAAE,EAAEtB,CAAC,CAACsB,EAAE;UACR8C,IAAI,EAAEpE,CAAC,CAACoE,IAAI,IAAIpE,CAAC,CAACyB,KAAK;UACvB4C,MAAM,EAAErE,CAAC,CAACqE,MAAM,KAAK,SAAS,GAAG,MAAM,GAAIrE,CAAC,CAACqE,MAAM,KAAK,SAAS,GAAG,SAAS,GAAIrE,CAAC,CAACqE,MAAM,KAAK,MAAM,GAAG,MAAM,GAAIrE,CAAC,CAACqE,MAAM,KAAK,aAAa,GAAG,aAAa,GAAG,MAAS;UACvK7C,QAAQ,EAAExB,CAAC,CAACwB,QAAQ,IAAI,MAAM;UAC9B8C,QAAQ,EAAEtE,CAAC,CAACsE,QAAQ,IAAIxC,SAAS;UACjCyC,cAAc,EAAEvE,CAAC,CAACuE,cAAc,IAAI,CAAC;UACrCC,WAAW,EAAExE,CAAC,CAACwE,WAAW,IAAI,CAAC;UAC/BC,YAAY,EAAEzE,CAAC,CAACyE,YAAY;UAC5BC,QAAQ,EAAE1E,CAAC,CAAC0E,QAAQ;UACpBC,UAAU,EAAE3E,CAAC,CAAC2E,UAAU;UACxBC,OAAO,EAAE5E,CAAC,CAAC4E,OAAO,IAAI,EAAE;UACxBC,WAAW,EAAE7E,CAAC,CAAC6E,WAAW,IAAI,EAAE;UAChClB,MAAM,EAAE3D,CAAC,CAAC2D,MAAM,IAAI7B,SAAS;UAC7BgD,QAAQ,EAAE9E,CAAC,CAAC8E,QAAQ,IAAIhD;QAC5B,CAAC,CAAC,CAAC;MACP;MAEA,IAAItG,WAAW,CAAC,YAAY,CAAC,EAAE;QAC3ByF,MAAM,CAAC8D,UAAU,GAAG,CAAC,CAAAvG,aAAa,aAAbA,aAAa,uBAAbA,aAAa,CAAEvC,IAAI,KAAI,EAAE,EAAEkF,GAAG,CAAC6D,CAAC,KAAK;UACtD1D,EAAE,EAAE0D,CAAC,CAAC1D,EAAE;UACRG,KAAK,EAAEuD,CAAC,CAACvD,KAAK;UACdG,MAAM,EAAEoD,CAAC,CAACpD,MAAM;UAChBqD,WAAW,EAAED,CAAC,CAACC,WAAW;UAC1B3B,UAAU,EAAE0B,CAAC,CAAC1B,UAAU;UACxB4B,WAAW,EAAEF,CAAC,CAACE,WAAW,IAAI;QAClC,CAAC,CAAC,CAAC;MACP;MAEA,IAAI1J,WAAW,CAAC,QAAQ,CAAC,EAAE;QACvB,MAAM2J,SAAS,GAAG,CAAAnH,SAAS,aAATA,SAAS,uBAATA,SAAS,CAAE/B,IAAI,KAAI,EAAE;;QAEvC;QACA,MAAMmJ,iBAAiD,GAAG,CAAC,CAAC;QAC5D,MAAMC,iBAAiB,GAAG,CAAAvG,gBAAgB,aAAhBA,gBAAgB,uBAAhBA,gBAAgB,CAAE7C,IAAI,KAAI,EAAE;QACtD,KAAK,MAAMsE,CAAC,IAAI8E,iBAAiB,EAAE;UAAA,IAAAC,WAAA,EAAAC,qBAAA;UAC/B,EAAAA,qBAAA,GAACH,iBAAiB,CAAAE,WAAA,GAAC/E,CAAC,CAACiF,QAAQ,CAAC,cAAAD,qBAAA,cAAAA,qBAAA,GAA7BH,iBAAiB,CAAAE,WAAA,CAAY,GAAK,EAAE,EAAE3E,IAAI,CAAC;YACxCW,EAAE,EAAEf,CAAC,CAACe,EAAE;YACRmE,OAAO,EAAElF,CAAC,CAACiF,QAAQ;YACnB5D,MAAM,EAAErB,CAAC,CAACqB,MAAM;YAChBwC,IAAI,EAAE7D,CAAC,CAAC6D,IAAI;YACZf,SAAS,EAAE9C,CAAC,CAAC+C;UACjB,CAAC,CAAC;QACN;QAEArC,MAAM,CAACyE,MAAM,GAAGP,SAAS,CAAChE,GAAG,CAAEwE,CAA+J,KAAM;UAChMrE,EAAE,EAAEqE,CAAC,CAACrE,EAAE;UACRG,KAAK,EAAEkE,CAAC,CAAClE,KAAK;UACdxB,IAAI,EAAE0F,CAAC,CAAC1F,IAAI;UACZyB,WAAW,EAAEiE,CAAC,CAACjE,WAAW;UAC1BS,QAAQ,EAAEwD,CAAC,CAACvD,SAAS;UACrBR,MAAM,EAAE+D,CAAC,CAAC/D,MAAM,IAAI,IAAI;UACxBgE,IAAI,EAAED,CAAC,CAACC,IAAI,IAAI,EAAE;UAClB/C,SAAS,EAAE8C,CAAC,CAAC9C,SAAS,IAAI,CAAC,CAAC;UAC5BgD,QAAQ,EAAET,iBAAiB,CAACO,CAAC,CAACrE,EAAE,CAAC,IAAI;QACzC,CAAC,CAAC,CAAC;MACP;MAEA,IAAI9F,WAAW,CAAC,OAAO,CAAC,EAAE;QACtByF,MAAM,CAAC6E,KAAK,GAAG,CAAC,CAAA7H,QAAQ,aAARA,QAAQ,uBAARA,QAAQ,CAAEhC,IAAI,KAAI,EAAE,EAAEkF,GAAG,CAAE4E,CAAgD,KAAM;UAC7FzE,EAAE,EAAEyE,CAAC,CAACzE,EAAE;UACR8C,IAAI,EAAE2B,CAAC,CAAC3B,IAAI;UACZxC,MAAM,EAAEmE,CAAC,CAACnE,MAAM,IAAI;QACxB,CAAC,CAAC,CAAC;MACP;MAEA,IAAIpG,WAAW,CAAC,aAAa,CAAC,EAAE;QAC5ByF,MAAM,CAAC+E,WAAW,GAAGnG,gBAAgB,CAACsB,GAAG,CAAEZ,CAAmE,KAAM;UAChHe,EAAE,EAAEf,CAAC,CAACe,EAAE;UACR8C,IAAI,EAAE7D,CAAC,CAAC6D,IAAI;UACZ6B,SAAS,EAAE,CAAC1F,CAAC,CAAC2F,SAAS;UACvBtE,MAAM,EAAErB,CAAC,CAACqB,MAAM,IAAI;QACxB,CAAC,CAAC,CAAC;QACHX,MAAM,CAACkF,aAAa,GAAG;UACnBC,cAAc,EAAEvG,gBAAgB,CAACwG,MAAM;UACvCC,kBAAkB,EAAEnG,iBAAiB,GAAGA,iBAAiB,CAACoG,eAAe,GAAG,CAAC;UAC7EC,UAAU,EAAE3G,gBAAgB,CAACwG,MAAM;UACnCI,cAAc,EAAEvG,aAAa,GAAGA,aAAa,CAACqG,eAAe,GAAG;QACpE,CAAC;MACL;MAEA,IAAI/K,WAAW,CAAC,WAAW,CAAC,EAAE;QAC1B;QACAyF,MAAM,CAACyF,WAAW,GAAG,EAAE;QACvBzF,MAAM,CAAC0F,aAAa,GAAG,EAAE;QACzB,KAAK,MAAMC,CAAC,IAAIxG,YAAY,EAAE;UAC1B,IAAIwG,CAAC,CAAChF,MAAM,KAAK,IAAI,EAAE;YACnBX,MAAM,CAACyF,WAAW,CAAC/F,IAAI,CAAC;cACpBW,EAAE,EAAEsF,CAAC,CAACtF,EAAE;cACR8C,IAAI,EAAEwC,CAAC,CAACxC,IAAI;cACZxC,MAAM,EAAEgF,CAAC,CAAChF,MAAM;cAChB0B,UAAU,EAAEsD,CAAC,CAACtD,UAAU,IAAIsD,CAAC,CAACvD,SAAS;cACvCA,SAAS,EAAEuD,CAAC,CAACtD,UAAU,IAAIsD,CAAC,CAACvD;YACjC,CAAC,CAAC;UACN,CAAC,MAAM,IAAIuD,CAAC,CAAChF,MAAM,KAAK,MAAM,EAAE;YAC5BX,MAAM,CAAC0F,aAAa,CAAChG,IAAI,CAAC;cACtBW,EAAE,EAAEsF,CAAC,CAACtF,EAAE;cACR8C,IAAI,EAAEwC,CAAC,CAACxC,IAAI;cACZxC,MAAM,EAAEgF,CAAC,CAAChF,MAAM;cAChB0B,UAAU,EAAEsD,CAAC,CAACtD,UAAU,IAAIsD,CAAC,CAACvD,SAAS;cACvCA,SAAS,EAAEuD,CAAC,CAACtD,UAAU,IAAIsD,CAAC,CAACvD;YACjC,CAAC,CAAC;UACN;QACJ;MACJ;MAEA,IAAI7H,WAAW,CAAC,cAAc,CAAC,EAAE;QAC7ByF,MAAM,CAAC4F,WAAW,GAAG5H,QAAQ,CAAC6H,aAAa;MAC/C;MAEA,IAAItL,WAAW,CAAC,sBAAsB,CAAC,EAAE;QACrCyF,MAAM,CAAC8F,mBAAmB,GAAG,CAAC,CAAA1I,YAAY,aAAZA,YAAY,uBAAZA,YAAY,CAAEpC,IAAI,KAAI,EAAE,EAAEkF,GAAG,CAAE6F,CAAkF,KAAM;UACjJ1F,EAAE,EAAE0F,CAAC,CAAC1F,EAAE;UACR2F,KAAK,EAAED,CAAC,CAACC,KAAK;UACdC,UAAU,EAAEF,CAAC,CAACE,UAAU;UACxBjH,IAAI,EAAE+G,CAAC,CAAC/G,IAAI;UACZ2B,MAAM,EAAEoF,CAAC,CAACpF,MAAM,IAAI;QACxB,CAAC,CAAC,CAAC;MACP;MAEA,IAAIpG,WAAW,CAAC,aAAa,CAAC,EAAE;QAC5ByF,MAAM,CAACkG,WAAW,GAAG,CAAC,CAAAtI,cAAc,aAAdA,cAAc,uBAAdA,cAAc,CAAE5C,IAAI,KAAI,EAAE,EAAEkF,GAAG,CAAEqC,CAAuG,KAAM;UAChKlC,EAAE,EAAEkC,CAAC,CAAClC,EAAE;UACR6B,MAAM,EAAEK,CAAC,CAACL,MAAM;UAChBzB,WAAW,EAAE8B,CAAC,CAAC9B,WAAW;UAC1BF,QAAQ,EAAEgC,CAAC,CAAChC,QAAQ;UACpBvB,IAAI,EAAEuD,CAAC,CAACvD,IAAI;UACZ6D,OAAO,EAAEN,CAAC,CAACM;QACf,CAAC,CAAC,CAAC;MACP;MAIA,OAAO7C,MAAM;IACjB,CAAC,CAAC,OAAOmG,KAAK,EAAE;MACZC,OAAO,CAACD,KAAK,CAAC,+BAA+B,EAAEA,KAAK,CAAC;MACrD,MAAM,IAAIE,KAAK,CAAC,iCAAiC,CAAC;IACtD;EACJ,CAAC;EAED,MAAMC,WAAWA,CAACC,OAAyB,EAAEnM,QAAwB,GAAGC,kBAAe,EAAiB;IACpG,IAAI;MACA;MACA,MAAMmM,UAAU,GAAG,IAAIC,GAAG,CAAoC,CAAC;;MAE/D;MACA,MAAMC,SAAS,GAAG,MAAAA,CAAOC,SAAiB,EAAEC,aAAwC,EAAEC,MAA+B,GAAG,CAAC,CAAC,KAAK;QAC3H,IAAI,CAACD,aAAa,EAAE;QAEpB,IAAIE,eAA0C,GAAG,EAAE;QACnD,IAAIN,UAAU,CAACO,GAAG,CAACJ,SAAS,CAAC,EAAE;UAC3BG,eAAe,GAAGN,UAAU,CAACQ,GAAG,CAACL,SAAS,CAAE;QAChD,CAAC,MAAM;UACH,MAAMM,IAAI,GAAG,IAAIC,GAAG,CAAC,CAAC,IAAI,CAAC,CAAC;UAC5B,IAAIL,MAAM,EAAE;YACRM,MAAM,CAACC,IAAI,CAACP,MAAM,CAAC,CAACQ,OAAO,CAACC,CAAC,IAAIL,IAAI,CAACM,GAAG,CAACD,CAAC,CAAC,CAAC;UACjD;UACA,IAAIX,SAAS,KAAK,sBAAsB,EAAE;YACtCM,IAAI,CAACM,GAAG,CAAC,OAAO,CAAC;UACrB;UACA,MAAM;YAAEvM;UAAK,CAAC,GAAG,MAAMZ,QAAQ,CAACM,IAAI,CAACiM,SAAS,CAAC,CAAChM,MAAM,CAAC6M,KAAK,CAAC9M,IAAI,CAACuM,IAAI,CAAC,CAACQ,IAAI,CAAC,IAAI,CAAC,CAAC;UACnFX,eAAe,GAAI9L,IAAI,IAAI,EAA2C;UACtEwL,UAAU,CAACkB,GAAG,CAACf,SAAS,EAAEG,eAAe,CAAC;QAC9C;;QAEA;QACA,IAAIa,QAAQ,GAAGb,eAAe;QAC9B,MAAMc,WAAW,GAAG,IAAIV,GAAG,CAAC,CAAC;QAE7B,MAAMW,UAAU,GAAGhB,MAAM,GAAGM,MAAM,CAACC,IAAI,CAACP,MAAM,CAAC,GAAG,EAAE;QACpD,IAAIgB,UAAU,CAACzC,MAAM,GAAG,CAAC,EAAE;UACvBuC,QAAQ,GAAG,EAAE;UACb,KAAK,MAAMG,IAAI,IAAIhB,eAAe,EAAE;YAChC,IAAIiB,KAAK,GAAG,IAAI;YAChB,KAAK,MAAMC,GAAG,IAAIH,UAAU,EAAE;cAC1B,IAAIC,IAAI,CAACE,GAAG,CAAC,KAAKnB,MAAM,CAACmB,GAAG,CAAC,EAAE;gBAC3BD,KAAK,GAAG,KAAK;gBACb;cACJ;YACJ;YACA,IAAIA,KAAK,EAAE;cACPJ,QAAQ,CAACjI,IAAI,CAACoI,IAAI,CAAC;cACnBF,WAAW,CAACL,GAAG,CAACO,IAAI,CAACzH,EAAE,CAAC;YAC5B;UACJ;QACJ,CAAC,MAAM;UACH,KAAK,MAAMyH,IAAI,IAAIhB,eAAe,EAAE;YAChCc,WAAW,CAACL,GAAG,CAACO,IAAI,CAACzH,EAAE,CAAC;UAC5B;QACJ;QAEA,MAAM4H,QAAmC,GAAG,EAAE;QAC9C,MAAMC,QAAmC,GAAG,EAAE;QAE9C,MAAMC,WAAW,GAAG,IAAIjB,GAAG,CAAS,CAAC;QACrC,MAAMkB,SAAS,GAAG,iEAAiE;QAEnF,KAAK,MAAMN,IAAI,IAAIlB,aAAa,EAAE;UAC9B,IAAIkB,IAAI,CAACzH,EAAE,EAAE;YACT8H,WAAW,CAACZ,GAAG,CAACO,IAAI,CAACzH,EAAY,CAAC;UACtC;;UAEA;UACA,MAAMgI,MAAM,GAAGP,IAAI,CAACzH,EAAE,IAAI,OAAOyH,IAAI,CAACzH,EAAE,KAAK,QAAQ,IAAI+H,SAAS,CAACE,IAAI,CAACR,IAAI,CAACzH,EAAE,CAAC;UAEhF,IAAIyH,IAAI,CAACzH,EAAE,IAAIgI,MAAM,EAAE;YACnB,IAAIT,WAAW,CAACb,GAAG,CAACe,IAAI,CAACzH,EAAE,CAAC,EAAE;cAC1B4H,QAAQ,CAACvI,IAAI,CAACoI,IAAI,CAAC;YACvB,CAAC,MAAM;cACHI,QAAQ,CAACxI,IAAI,CAACoI,IAAI,CAAC;YACvB;UACJ,CAAC,MAAM;YACH,MAAM;cAAEzH,EAAE,EAAEkI,GAAG;cAAE,GAAGC;YAAK,CAAC,GAAGV,IAAI;YACjC;YACAI,QAAQ,CAACxI,IAAI,CAAC8I,IAAI,CAAC;UACvB;QACJ;QAEA,MAAMC,QAAkB,GAAG,EAAE;QAC7B,KAAK,MAAM5I,CAAC,IAAK8H,QAAQ,IAAI,EAAE,EAAG;UAC9B,IAAI,CAACQ,WAAW,CAACpB,GAAG,CAAClH,CAAC,CAACQ,EAAY,CAAC,EAAE;YAClCoI,QAAQ,CAAC/I,IAAI,CAACG,CAAC,CAACQ,EAAY,CAAC;UACjC;QACJ;QAEA,MAAMqI,GAA2B,GAAG,EAAE;QACtC,IAAID,QAAQ,CAACrD,MAAM,GAAG,CAAC,EAAEsD,GAAG,CAAChJ,IAAI,CAACtF,QAAQ,CAACM,IAAI,CAACiM,SAAS,CAAC,CAACgC,MAAM,CAAC,CAAC,CAAC7L,EAAE,CAAC,IAAI,EAAE2L,QAAQ,CAAC,CAAC;QACvF,IAAIR,QAAQ,CAAC7C,MAAM,GAAG,CAAC,EAAEsD,GAAG,CAAChJ,IAAI,CAACtF,QAAQ,CAACM,IAAI,CAACiM,SAAS,CAAC,CAACiC,MAAM,CAACX,QAAQ,CAAC,CAAC;QAC5E,IAAIC,QAAQ,CAAC9C,MAAM,GAAG,CAAC,EAAEsD,GAAG,CAAChJ,IAAI,CAACtF,QAAQ,CAACM,IAAI,CAACiM,SAAS,CAAC,CAACkC,MAAM,CAACX,QAAQ,CAAC,CAAC;QAC5E,MAAMpN,OAAO,CAACiD,GAAG,CAAC2K,GAAG,CAAC;MAC1B,CAAC;MAED,MAAMI,YAA6B,GAAG,EAAE;;MAExC;MACA,IAAIvC,OAAO,CAACtG,QAAQ,KAAKY,SAAS,EAAE;QAChCiI,YAAY,CAACpJ,IAAI,CAACgH,SAAS,CAAC,UAAU,EAAEH,OAAO,CAACtG,QAAQ,CAACC,GAAG,CAACC,CAAC,KAAK;UAC/DE,EAAE,EAAEF,CAAC,CAACE,EAAE;UACRE,QAAQ,EAAEJ,CAAC,CAACI,QAAQ;UACpBC,KAAK,EAAEL,CAAC,CAACK,KAAK;UACdC,WAAW,EAAEN,CAAC,CAACM,WAAW;UAC1BC,KAAK,EAAEP,CAAC,CAACO,KAAK,IAAI,YAAY;UAC9B0C,MAAM,EAAEjD,CAAC,CAACO,KAAK,KAAK,WAAW,GAAG,SAAS,GAAG,UAAU;UACxDK,YAAY,EAAEZ,CAAC,CAACW,WAAW,IAAI,IAAI;UACnCE,aAAa,EAAEb,CAAC,CAACc,YAAY,IAAI,IAAI;UACrCE,SAAS,EAAEhB,CAAC,CAACe,QAAQ,IAAI,IAAI;UAC7BE,KAAK,EAAEjB,CAAC,CAACiB,KAAK;UACdE,YAAY,EAAEnB,CAAC,CAACkB,WAAW,IAAI,CAAC;UAChCG,WAAW,EAAErB,CAAC,CAACoB,UAAU;UACzBG,aAAa,EAAEvB,CAAC,CAACsB,YAAY,IAAI,aAAa;UAC9CE,MAAM,EAAExB,CAAC,CAACwB,MAAM,IAAI,KAAK;UACzBhB,MAAM,EAAER,CAAC,CAACQ,MAAM,IAAI,IAAI;UACxBC,KAAK,EAAET,CAAC,CAACS,KAAK,IAAIC;QACtB,CAAC,CAAC,CAAC,CAAC,CAAC;MACT;;MAEA;MACA,IAAI0F,OAAO,CAACrD,KAAK,KAAKrC,SAAS,EAAE;QAC7BiI,YAAY,CAACpJ,IAAI,CAACgH,SAAS,CAAC,OAAO,EAAEH,OAAO,CAACrD,KAAK,CAAChD,GAAG,CAAEnB,CAAC,KAAM;UAC3DsB,EAAE,EAAEtB,CAAC,CAACsB,EAAE;UACRG,KAAK,EAAEzB,CAAC,CAACoE,IAAI;UACbA,IAAI,EAAEpE,CAAC,CAACoE,IAAI;UACZC,MAAM,EAAErE,CAAC,CAACqE,MAAM,KAAK,MAAM,GAAG,SAAS,GAAGrE,CAAC,CAACqE,MAAM;UAClD7C,QAAQ,EAAExB,CAAC,CAACwB,QAAQ;UACpB8C,QAAQ,EAAEtE,CAAC,CAACsE,QAAQ,IAAI,IAAI;UAC5BC,cAAc,EAAEvE,CAAC,CAACuE,cAAc;UAChCC,WAAW,EAAExE,CAAC,CAACwE,WAAW;UAC1BC,YAAY,EAAGzE,CAAC,CAAwCgK,WAAW,IAAIhK,CAAC,CAACyE,YAAY,IAAI,IAAI;UAC7FC,QAAQ,EAAE1E,CAAC,CAAC0E,QAAQ;UACpBE,OAAO,EAAE5E,CAAC,CAAC4E,OAAO,IAAI,EAAE;UACxBC,WAAW,EAAE7E,CAAC,CAAC6E,WAAW,IAAI,EAAE;UAChClB,MAAM,EAAE3D,CAAC,CAAC2D,MAAM,IAAI,IAAI;UACxBmB,QAAQ,EAAE9E,CAAC,CAAC8E,QAAQ,IAAI,IAAI;UAC5BH,UAAU,EAAE,IAAIvH,IAAI,CAAC,CAAC,CAACK,WAAW,CAAC;QACvC,CAAC,CAAC,CAAC,CAAC,CAAC;MACT;;MAEA;MACA,IAAI+J,OAAO,CAACzC,UAAU,KAAKjD,SAAS,EAAE;QAClCiI,YAAY,CAACpJ,IAAI,CAACgH,SAAS,CAAC,YAAY,EAAEH,OAAO,CAACzC,UAAU,CAAC5D,GAAG,CAAC6D,CAAC,KAAK;UACnE1D,EAAE,EAAE0D,CAAC,CAAC1D,EAAE;UACRG,KAAK,EAAEuD,CAAC,CAACvD,KAAK;UACdG,MAAM,EAAEoD,CAAC,CAACpD,MAAM,IAAI,IAAI;UACxBsD,WAAW,EAAEF,CAAC,CAACE,WAAW,IAAI,KAAK;UACnCD,WAAW,EAAED,CAAC,CAACC,WAAW,IAAI,IAAI7H,IAAI,CAAC,CAAC,CAACK,WAAW,CAAC,CAAC;UACtD6F,UAAU,EAAE0B,CAAC,CAAC1B,UAAU,IAAI,IAAIlG,IAAI,CAAC,CAAC,CAACK,WAAW,CAAC;QACvD,CAAC,CAAC,CAAC,CAAC,CAAC;MACT;;MAEA;MACA,IAAI+J,OAAO,CAACL,WAAW,KAAKrF,SAAS,EAAE;QACnCiI,YAAY,CAACpJ,IAAI,CAACgH,SAAS,CAAC,aAAa,EAAEH,OAAO,CAACL,WAAW,CAAChG,GAAG,CAACqC,CAAC,KAAK;UACrElC,EAAE,EAAEkC,CAAC,CAAClC,EAAE;UACR6B,MAAM,EAAEK,CAAC,CAACL,MAAM;UAChBzB,WAAW,EAAE8B,CAAC,CAAC9B,WAAW;UAC1BF,QAAQ,EAAEgC,CAAC,CAAChC,QAAQ;UACpBvB,IAAI,EAAEuD,CAAC,CAACvD,IAAI;UACZ6D,OAAO,EAAGN,CAAC,CAAwCM,OAAO,IAAI,IAAI;UAClER,UAAU,EAAE,IAAIlG,IAAI,CAAC,CAAC,CAACK,WAAW,CAAC;QACvC,CAAC,CAAC,CAAC,CAAC,CAAC;MACT;;MAEA;MACA,IAAI+J,OAAO,CAAC9B,MAAM,KAAK5D,SAAS,EAAE;QAC9BiI,YAAY,CAACpJ,IAAI,CAACgH,SAAS,CAAC,QAAQ,EAAEH,OAAO,CAAC9B,MAAM,CAACvE,GAAG,CAACwE,CAAC,KAAK;UAC3DrE,EAAE,EAAEqE,CAAC,CAACrE,EAAE;UACRG,KAAK,EAAEkE,CAAC,CAAClE,KAAK;UACdxB,IAAI,EAAE0F,CAAC,CAAC1F,IAAI;UACZyB,WAAW,EAAEiE,CAAC,CAACjE,WAAW;UAC1BU,SAAS,EAAEuD,CAAC,CAACxD,QAAQ;UACrBP,MAAM,EAAE+D,CAAC,CAAC/D,MAAM,IAAI,IAAI;UACxBgE,IAAI,EAAED,CAAC,CAACC,IAAI,IAAI,EAAE;UAClB/C,SAAS,EAAE8C,CAAC,CAAC9C,SAAS,IAAI,CAAC;QAC/B,CAAC,CAAC,CAAC,CAAC,CAAC;MACT;;MAEA;MACA,IAAI2E,OAAO,CAAC1B,KAAK,KAAKhE,SAAS,EAAE;QAC7BiI,YAAY,CAACpJ,IAAI,CAACgH,SAAS,CAAC,OAAO,EAAEH,OAAO,CAAC1B,KAAK,CAAC3E,GAAG,CAAC4E,CAAC,KAAK;UACzDzE,EAAE,EAAEyE,CAAC,CAACzE,EAAE;UACR8C,IAAI,EAAE2B,CAAC,CAAC3B,IAAI;UACZxC,MAAM,EAAEmE,CAAC,CAACnE,MAAM,IAAI;QACxB,CAAC,CAAC,CAAC,CAAC,CAAC;MACT;;MAEA;MACA,IAAI4F,OAAO,CAACxB,WAAW,KAAKlE,SAAS,EAAE;QACnCiI,YAAY,CAACpJ,IAAI,CAACgH,SAAS,CAAC,aAAa,EAAEH,OAAO,CAACxB,WAAW,CAAC7E,GAAG,CAACZ,CAAC,KAAK;UACrEe,EAAE,EAAEf,CAAC,CAACe,EAAE;UACR8C,IAAI,EAAE7D,CAAC,CAAC6D,IAAI;UACZ8B,SAAS,EAAE,CAAC3F,CAAC,CAAC0F,SAAS;UACvBrE,MAAM,EAAErB,CAAC,CAACqB,MAAM,IAAI;QACxB,CAAC,CAAC,CAAC,CAAC,CAAC;;QAEL;QACA;QACA,IAAI6E,cAAc,GAAG,CAAC;QACtB,KAAK,MAAMlG,CAAC,IAAIiH,OAAO,CAACxB,WAAW,EAAE;UACjC,IAAIzF,CAAC,CAAC0F,SAAS,EAAEQ,cAAc,EAAE;QACrC;QACA,MAAMtJ,cAAc,GAAI,IAAIC,IAAI,CAAC,CAAC,CAAEC,iBAAiB,CAAC,CAAC,GAAG,KAAK;QAC/D,MAAMG,QAAQ,GAAG,IAAIJ,IAAI,CAACA,IAAI,CAACG,GAAG,CAAC,CAAC,GAAGJ,cAAc,CAAC,CAACM,WAAW,CAAC,CAAC,CAACC,KAAK,CAAC,GAAG,CAAC,CAAC,CAAC,CAAC;QAClF;QACAqM,YAAY,CAACpJ,IAAI,CACb,CAAC,YAAY;UAAE,MAAMtF,QAAQ,CAACM,IAAI,CAAC,gBAAgB,CAAC,CAACkO,MAAM,CAAC;YAAE5J,IAAI,EAAEzC,QAAQ;YAAE+I,eAAe,EAAEE;UAAe,CAAC,CAAC;QAAE,CAAC,EAAE,CACzH,CAAC;MACL;;MAEA;MACA,MAAMwD,eAAe,GAAG,MAAAA,CAAOC,SAAoB,EAAEtI,MAAqB,KAAK;QAC3EmI,YAAY,CAACpJ,IAAI,CAACgH,SAAS,CAAC,WAAW,EAAEuC,SAAS,CAAC/I,GAAG,CAACyF,CAAC,KAAK;UACzDtF,EAAE,EAAEsF,CAAC,CAACtF,EAAE;UACR8C,IAAI,EAAEwC,CAAC,CAACxC,IAAI;UACZxC;QACJ,CAAC,CAAC,CAAC,EAAE;UAAEA;QAAO,CAAC,CAAC,CAAC;MACrB,CAAC;MAED,IAAI4F,OAAO,CAACd,WAAW,KAAK5E,SAAS,EAAEiI,YAAY,CAACpJ,IAAI,CAACsJ,eAAe,CAACzC,OAAO,CAACd,WAAW,EAAE,IAAI,CAAC,CAAC;MACpG,IAAIc,OAAO,CAACb,aAAa,KAAK7E,SAAS,EAAEiI,YAAY,CAACpJ,IAAI,CAACsJ,eAAe,CAACzC,OAAO,CAACb,aAAa,EAAE,MAAM,CAAC,CAAC;;MAI1G;MACA,IAAIa,OAAO,CAACT,mBAAmB,KAAKjF,SAAS,EAAE;QAC3C,MAAMqI,MAAM,GAAG3C,OAAO,CAACT,mBAAmB;QAC1C;QACAgD,YAAY,CAACpJ,IAAI,CAAC,CAAC,YAAY;UAC3B,IAAIyJ,YAAuC,GAAG,EAAE;UAChD,IAAI3C,UAAU,CAACO,GAAG,CAAC,sBAAsB,CAAC,EAAE;YACxCoC,YAAY,GAAG3C,UAAU,CAACQ,GAAG,CAAC,sBAAsB,CAAE;UAC1D,CAAC,MAAM;YACH,MAAM;cAAEhM;YAAK,CAAC,GAAG,MAAMZ,QAAQ,CAACM,IAAI,CAAC,sBAAsB,CAAC,CAACC,MAAM,CAAC,WAAW,CAAC;YAChFwO,YAAY,GAAInO,IAAI,IAAI,EAA2C;YACnEwL,UAAU,CAACkB,GAAG,CAAC,sBAAsB,EAAEyB,YAAY,CAAC;UACxD;UACA,MAAMC,cAAc,GAAG,IAAIlC,GAAG,CAAU,CAAC;UACzC,MAAMU,WAAW,GAAG,IAAIV,GAAG,CAAU,CAAC;UACtC,KAAK,MAAMrH,CAAC,IAAIsJ,YAAY,EAAE;YAC1BC,cAAc,CAAC7B,GAAG,CAAC1H,CAAC,CAACmG,KAAK,CAAC;YAC3B4B,WAAW,CAACL,GAAG,CAAC1H,CAAC,CAACQ,EAAE,CAAC;UACzB;UAEA,MAAMqG,SAAS,CAAC,sBAAsB,EAAEwC,MAAM,CAAChJ,GAAG,CAAC6F,CAAC,KAAK;YACrD1F,EAAE,EAAE0F,CAAC,CAAC1F,EAAE;YACR2F,KAAK,EAAED,CAAC,CAACC,KAAK;YACdC,UAAU,EAAEF,CAAC,CAACE,UAAU;YACxBjH,IAAI,EAAE+G,CAAC,CAAC/G,IAAI;YACZ2B,MAAM,EAAEoF,CAAC,CAACpF,MAAM,IAAI;UACxB,CAAC,CAAC,CAAC,CAAC;;UAEJ;UACA,MAAM0I,qBAAqB,GAAG,EAAE;UAChC,KAAK,MAAMvB,IAAI,IAAIoB,MAAM,EAAE;YACvB,IAAI,CAACtB,WAAW,CAACb,GAAG,CAACe,IAAI,CAACzH,EAAE,CAAC,IAAI,CAAC+I,cAAc,CAACrC,GAAG,CAACe,IAAI,CAAC9B,KAAK,CAAC,EAAE;cAC9DqD,qBAAqB,CAAC3J,IAAI,CAAC;gBACvB4J,cAAc,EAAE,MAAM;gBACtBvH,IAAI,EAAE,SAAS;gBACfwH,OAAO,EAAE,4DAA4DzB,IAAI,CAAC9B,KAAK;cACnF,CAAC,CAAC;YACN;UACJ;UAEA,IAAIqD,qBAAqB,CAACjE,MAAM,GAAG,CAAC,EAAE;YAClC,MAAMhL,QAAQ,CAACM,IAAI,CAAC,eAAe,CAAC,CAACmO,MAAM,CAACQ,qBAAqB,CAAC;UACtE;QACJ,CAAC,EAAE,CAAC,CAAC;MACT;MAEA,MAAMvO,OAAO,CAACiD,GAAG,CAAC+K,YAAY,CAAC;;MAE/B;MACA;MACA,MAAMU,iBAAsB,GAAG;QAAEtL,WAAW,EAAE,IAAI/B,IAAI,CAAC,CAAC,CAACK,WAAW,CAAC;MAAE,CAAC;MACxE,IAAI+J,OAAO,CAACX,WAAW,KAAK/E,SAAS,EAAE;QACnC2I,iBAAiB,CAAC3D,aAAa,GAAGU,OAAO,CAACX,WAAW;MACzD;MACA,MAAMxL,QAAQ,CAACM,IAAI,CAAC,cAAc,CAAC,CAAC+O,MAAM,CAACD,iBAAiB,CAAC,CAACnO,EAAE,CAAC,IAAI,EAAE,CAAC,CAAC;IAE7E,CAAC,CAAC,OAAO8K,KAAK,EAAE;MACZC,OAAO,CAACD,KAAK,CAAC,2BAA2B,EAAEA,KAAK,CAAC;MACjD,MAAM,IAAIE,KAAK,CAAC,gCAAgC,CAAC;IACrD;EACJ;;EAEA;;EAEA;;EAEA;AACJ,CAAC","ignoreList":[]},"_coverageSchema":"1a1c01bbd47fc00a2c39e90264f33305004495a9","hash":"ae52c43a54aac7d8e98ee904c74d1bf1e1e20bcf","contentHash":"22fa62f0f687da20ac4c76ebc78c2998b6d189cb75e8ee9409311ccd66661896"},"/app/src/lib/supabase.ts":{"path":"/app/src/lib/supabase.ts","statementMap":{"0":{"start":{"line":3,"column":0},"end":{"line":5,"column":3}},"1":{"start":{"line":6,"column":0},"end":{"line":6,"column":26}},"2":{"start":{"line":7,"column":18},"end":{"line":7,"column":50}},"3":{"start":{"line":8,"column":20},"end":{"line":8,"column":56}},"4":{"start":{"line":9,"column":24},"end":{"line":9,"column":65}},"5":{"start":{"line":12,"column":17},"end":{"line":12,"column":95}}},"fnMap":{},"branchMap":{},"s":{"0":1,"1":1,"2":1,"3":1,"4":1,"5":1},"f":{},"b":{},"inputSourceMap":{"version":3,"names":["_supabaseJs","require","supabaseUrl","process","env","NEXT_PUBLIC_SUPABASE_URL","supabaseAnonKey","NEXT_PUBLIC_SUPABASE_ANON_KEY","supabase","exports","createClient"],"sources":["supabase.ts"],"sourcesContent":["import { createClient } from '@supabase/supabase-js';\n\nconst supabaseUrl = process.env.NEXT_PUBLIC_SUPABASE_URL!;\nconst supabaseAnonKey = process.env.NEXT_PUBLIC_SUPABASE_ANON_KEY!;\n\n// Client for the browser (uses Anon Key)\nexport const supabase = createClient(supabaseUrl, supabaseAnonKey);\n\n"],"mappings":";;;;;;AAAA,IAAAA,WAAA,GAAAC,OAAA;AAEA,MAAMC,WAAW,GAAGC,OAAO,CAACC,GAAG,CAACC,wBAAyB;AACzD,MAAMC,eAAe,GAAGH,OAAO,CAACC,GAAG,CAACG,6BAA8B;;AAElE;AACO,MAAMC,QAAQ,GAAAC,OAAA,CAAAD,QAAA,GAAG,IAAAE,wBAAY,EAACR,WAAW,EAAEI,eAAe,CAAC","ignoreList":[]},"_coverageSchema":"1a1c01bbd47fc00a2c39e90264f33305004495a9","hash":"957c924da563035aad04c13a7505c10491ccca2f","contentHash":"834e1d497fc13201154f525c924ecedf4dd9a970a9bf2a6bacc92d20185a36b9"}}